\BOOKMARK [1][-]{section.1}{\376\377\000G\000e\000o\000m\000e\000t\000r\000y}{}% 1
\BOOKMARK [2][-]{subsection.1.1}{\376\377\000R\000i\000g\000h\000t\000\040\000A\000n\000g\000l\000e\000d\000\040\000T\000r\000i\000a\000n\000g\000l\000e}{section.1}% 2
\BOOKMARK [2][-]{subsection.1.2}{\376\377\000S\000i\000n\000e\000\040\000a\000n\000d\000\040\000C\000o\000s\000i\000n\000e\000\040\000F\000o\000r\000m\000u\000l\000a}{section.1}% 3
\BOOKMARK [2][-]{subsection.1.3}{\376\377\000T\000r\000i\000g\000o\000n\000o\000m\000e\000t\000r\000i\000c\000\040\000I\000d\000e\000n\000t\000i\000t\000i\000e\000s}{section.1}% 4
\BOOKMARK [2][-]{subsection.1.4}{\376\377\000I\000n\000c\000i\000r\000c\000l\000e}{section.1}% 5
\BOOKMARK [2][-]{subsection.1.5}{\376\377\000C\000i\000r\000c\000u\000m\000c\000i\000r\000c\000l\000e}{section.1}% 6
\BOOKMARK [2][-]{subsection.1.6}{\376\377\000M\000e\000d\000i\000a\000n\000s}{section.1}% 7
\BOOKMARK [1][-]{section.2}{\376\377\000H\000e\000i\000g\000h\000t\000s\000\040\000a\000n\000d\000\040\000D\000i\000s\000t\000a\000n\000c\000e\000s}{}% 8
\BOOKMARK [2][-]{subsection.2.1}{\376\377\000N\000C\000E\000R\000T}{section.2}% 9
\BOOKMARK [2][-]{subsection.2.2}{\376\377\000C\000B\000S\000E}{section.2}% 10
\BOOKMARK [2][-]{subsection.2.3}{\376\377\000J\000E\000E}{section.2}% 11
\BOOKMARK [1][-]{section.3}{\376\377\000T\000r\000i\000a\000n\000g\000l\000e}{}% 12
\BOOKMARK [2][-]{subsection.3.1}{\376\377\000N\000C\000E\000R\000T}{section.3}% 13
\BOOKMARK [2][-]{subsection.3.2}{\376\377\000C\000B\000S\000E}{section.3}% 14
\BOOKMARK [2][-]{subsection.3.3}{\376\377\000J\000E\000E}{section.3}% 15
\BOOKMARK [1][-]{section.4}{\376\377\000C\000i\000r\000c\000l\000e}{}% 16
\BOOKMARK [2][-]{subsection.4.1}{\376\377\000N\000C\000E\000R\000T}{section.4}% 17
\BOOKMARK [2][-]{subsection.4.2}{\376\377\000J\000E\000E}{section.4}% 18
\BOOKMARK [2][-]{subsection.4.3}{\376\377\000O\000l\000y\000m\000p\000i\000a\000d}{section.4}% 19
\BOOKMARK [1][-]{section.5}{\376\377\000I\000d\000e\000n\000t\000i\000t\000i\000e\000s}{}% 20
\BOOKMARK [2][-]{subsection.5.1}{\376\377\000N\000C\000E\000R\000T}{section.5}% 21
\BOOKMARK [2][-]{subsection.5.2}{\376\377\000C\000B\000S\000E}{section.5}% 22
\BOOKMARK [1][-]{section.6}{\376\377\000E\000q\000u\000a\000t\000i\000o\000n\000s}{}% 23
\BOOKMARK [2][-]{subsection.6.1}{\376\377\000N\000C\000E\000R\000T}{section.6}% 24
\BOOKMARK [2][-]{subsection.6.2}{\376\377\000C\000B\000S\000E}{section.6}% 25
\BOOKMARK [2][-]{subsection.6.3}{\376\377\000J\000E\000E}{section.6}% 26
\BOOKMARK [1][-]{section.7}{\376\377\000I\000n\000e\000q\000u\000a\000l\000i\000t\000i\000e\000s}{}% 27
\BOOKMARK [2][-]{subsection.7.1}{\376\377\000N\000C\000E\000R\000T}{section.7}% 28
\BOOKMARK [1][-]{section.8}{\376\377\000I\000n\000v\000e\000r\000s\000e\000\040\000T\000r\000i\000g\000o\000n\000o\000m\000e\000t\000r\000i\000c\000\040\000F\000u\000n\000c\000t\000i\000o\000n\000s}{}% 29
\BOOKMARK [2][-]{subsection.8.1}{\376\377\000J\000E\000E}{section.8}% 30
