This is pdfTeX, Version 3.141592653-2.6-1.40.26 (TeX Live 2024/Termux) (preloaded format=pdflatex 2024.4.5)  5 FEB 2025 22:50
entering extended mode
 restricted \write18 enabled.
 %&-line parsing enabled.
**main.tex
(./main.tex
LaTeX2e <2023-11-01> patch level 1
L3 programming layer <2024-03-14>

(/data/data/com.termux/files/usr/share/texlive/2024/texmf-dist/tex/latex/ieeetr
an/IEEEtran.cls
Document Class: IEEEtran 2015/08/26 V1.8b by Michael Shell
-- See the "IEEEtran_HOWTO" manual for usage information.
-- http://www.michaelshell.org/tex/ieeetran/
\@IEEEtrantmpdimenA=\dimen140
\@IEEEtrantmpdimenB=\dimen141
\@IEEEtrantmpdimenC=\dimen142
\@IEEEtrantmpcountA=\count188
\@IEEEtrantmpcountB=\count189
\@IEEEtrantmpcountC=\count190
\@IEEEtrantmptoksA=\toks17
LaTeX Font Info:    Trying to load font information for OT1+ptm on input line 5
03.

(/data/data/com.termux/files/usr/share/texlive/2024/texmf-dist/tex/latex/psnfss
/ot1ptm.fd
File: ot1ptm.fd 2001/06/04 font definitions for OT1/ptm.
)
-- Using 8.5in x 11in (letter) paper.
-- Using PDF output.
\@IEEEnormalsizeunitybaselineskip=\dimen143
-- This is a 10 point document.
\CLASSINFOnormalsizebaselineskip=\dimen144
\CLASSINFOnormalsizeunitybaselineskip=\dimen145
\IEEEnormaljot=\dimen146
LaTeX Font Info:    Font shape `OT1/ptm/bx/n' in size <5> not available
(Font)              Font shape `OT1/ptm/b/n' tried instead on input line 1090.
LaTeX Font Info:    Font shape `OT1/ptm/bx/it' in size <5> not available
(Font)              Font shape `OT1/ptm/b/it' tried instead on input line 1090.

LaTeX Font Info:    Font shape `OT1/ptm/bx/n' in size <7> not available
(Font)              Font shape `OT1/ptm/b/n' tried instead on input line 1090.
LaTeX Font Info:    Font shape `OT1/ptm/bx/it' in size <7> not available
(Font)              Font shape `OT1/ptm/b/it' tried instead on input line 1090.

LaTeX Font Info:    Font shape `OT1/ptm/bx/n' in size <8> not available
(Font)              Font shape `OT1/ptm/b/n' tried instead on input line 1090.
LaTeX Font Info:    Font shape `OT1/ptm/bx/it' in size <8> not available
(Font)              Font shape `OT1/ptm/b/it' tried instead on input line 1090.

LaTeX Font Info:    Font shape `OT1/ptm/bx/n' in size <9> not available
(Font)              Font shape `OT1/ptm/b/n' tried instead on input line 1090.
LaTeX Font Info:    Font shape `OT1/ptm/bx/it' in size <9> not available
(Font)              Font shape `OT1/ptm/b/it' tried instead on input line 1090.

LaTeX Font Info:    Font shape `OT1/ptm/bx/n' in size <10> not available
(Font)              Font shape `OT1/ptm/b/n' tried instead on input line 1090.
LaTeX Font Info:    Font shape `OT1/ptm/bx/it' in size <10> not available
(Font)              Font shape `OT1/ptm/b/it' tried instead on input line 1090.

LaTeX Font Info:    Font shape `OT1/ptm/bx/n' in size <11> not available
(Font)              Font shape `OT1/ptm/b/n' tried instead on input line 1090.
LaTeX Font Info:    Font shape `OT1/ptm/bx/it' in size <11> not available
(Font)              Font shape `OT1/ptm/b/it' tried instead on input line 1090.

LaTeX Font Info:    Font shape `OT1/ptm/bx/n' in size <12> not available
(Font)              Font shape `OT1/ptm/b/n' tried instead on input line 1090.
LaTeX Font Info:    Font shape `OT1/ptm/bx/it' in size <12> not available
(Font)              Font shape `OT1/ptm/b/it' tried instead on input line 1090.

LaTeX Font Info:    Font shape `OT1/ptm/bx/n' in size <17> not available
(Font)              Font shape `OT1/ptm/b/n' tried instead on input line 1090.
LaTeX Font Info:    Font shape `OT1/ptm/bx/it' in size <17> not available
(Font)              Font shape `OT1/ptm/b/it' tried instead on input line 1090.

LaTeX Font Info:    Font shape `OT1/ptm/bx/n' in size <20> not available
(Font)              Font shape `OT1/ptm/b/n' tried instead on input line 1090.
LaTeX Font Info:    Font shape `OT1/ptm/bx/it' in size <20> not available
(Font)              Font shape `OT1/ptm/b/it' tried instead on input line 1090.

LaTeX Font Info:    Font shape `OT1/ptm/bx/n' in size <24> not available
(Font)              Font shape `OT1/ptm/b/n' tried instead on input line 1090.
LaTeX Font Info:    Font shape `OT1/ptm/bx/it' in size <24> not available
(Font)              Font shape `OT1/ptm/b/it' tried instead on input line 1090.

\IEEEquantizedlength=\dimen147
\IEEEquantizedlengthdiff=\dimen148
\IEEEquantizedtextheightdiff=\dimen149
\IEEEilabelindentA=\dimen150
\IEEEilabelindentB=\dimen151
\IEEEilabelindent=\dimen152
\IEEEelabelindent=\dimen153
\IEEEdlabelindent=\dimen154
\IEEElabelindent=\dimen155
\IEEEiednormlabelsep=\dimen156
\IEEEiedmathlabelsep=\dimen157
\IEEEiedtopsep=\skip48
\c@section=\count191
\c@subsection=\count192
\c@subsubsection=\count193
\c@paragraph=\count194
\c@IEEEsubequation=\count195
\abovecaptionskip=\skip49
\belowcaptionskip=\skip50
\c@figure=\count196
\c@table=\count197
\@IEEEeqnnumcols=\count198
\@IEEEeqncolcnt=\count199
\@IEEEsubeqnnumrollback=\count266
\@IEEEquantizeheightA=\dimen158
\@IEEEquantizeheightB=\dimen159
\@IEEEquantizeheightC=\dimen160
\@IEEEquantizeprevdepth=\dimen161
\@IEEEquantizemultiple=\count267
\@IEEEquantizeboxA=\box51
\@IEEEtmpitemindent=\dimen162
\IEEEPARstartletwidth=\dimen163
\c@IEEEbiography=\count268
\@IEEEtranrubishbin=\box52
)
(/data/data/com.termux/files/usr/share/texlive/2024/texmf-dist/tex/latex/geomet
ry/geometry.sty
Package: geometry 2020/01/02 v5.9 Page Geometry

(/data/data/com.termux/files/usr/share/texlive/2024/texmf-dist/tex/latex/graphi
cs/keyval.sty
Package: keyval 2022/05/29 v1.15 key=value parser (DPC)
\KV@toks@=\toks18
)
(/data/data/com.termux/files/usr/share/texlive/2024/texmf-dist/tex/generic/ifte
x/ifvtex.sty
Package: ifvtex 2019/10/25 v1.7 ifvtex legacy package. Use iftex instead.

(/data/data/com.termux/files/usr/share/texlive/2024/texmf-dist/tex/generic/ifte
x/iftex.sty
Package: iftex 2022/02/03 v1.0f TeX engine tests
))
\Gm@cnth=\count269
\Gm@cntv=\count270
\c@Gm@tempcnt=\count271
\Gm@bindingoffset=\dimen164
\Gm@wd@mp=\dimen165
\Gm@odd@mp=\dimen166
\Gm@even@mp=\dimen167
\Gm@layoutwidth=\dimen168
\Gm@layoutheight=\dimen169
\Gm@layouthoffset=\dimen170
\Gm@layoutvoffset=\dimen171
\Gm@dimlist=\toks19
)
(/data/data/com.termux/files/home/texmf/tex/latex/tfrupee/tfrupee.sty
Package: tfrupee 2010/12/15 LaTeX Support for the TechFat Rupee symbols by Tech
Fat (http://techfat.blogspot.com/2010/07/new-open-source-india-rupee-font.html)
. Adapted for use with TeX by Palle Jorgensen, hamselv(a)pallej.dk
)
(./gvv-book.sty
(/data/data/com.termux/files/usr/share/texlive/2024/texmf-dist/tex/latex/float/
float.sty
Package: float 2001/11/08 v1.3d Float enhancements (AL)
\c@float@type=\count272
\float@exts=\toks20
\float@box=\box53
\@float@everytoks=\toks21
\@floatcapt=\box54
)
(/data/data/com.termux/files/usr/share/texlive/2024/texmf-dist/tex/latex/setspa
ce/setspace.sty
Package: setspace 2022/12/04 v6.7b set line spacing
)
(/data/data/com.termux/files/usr/share/texlive/2024/texmf-dist/tex/latex/gensym
b/gensymb.sty
Package: gensymb 2022/10/17 v1.0.2 (KJH)
)
(/data/data/com.termux/files/usr/share/texlive/2024/texmf-dist/tex/latex/amsmat
h/amsmath.sty
Package: amsmath 2023/05/13 v2.17o AMS math features
\@mathmargin=\skip51

For additional information on amsmath, use the `?' option.

(/data/data/com.termux/files/usr/share/texlive/2024/texmf-dist/tex/latex/amsmat
h/amstext.sty
Package: amstext 2021/08/26 v2.01 AMS text

(/data/data/com.termux/files/usr/share/texlive/2024/texmf-dist/tex/latex/amsmat
h/amsgen.sty
File: amsgen.sty 1999/11/30 v2.0 generic functions
\@emptytoks=\toks22
\ex@=\dimen172
))
(/data/data/com.termux/files/usr/share/texlive/2024/texmf-dist/tex/latex/amsmat
h/amsbsy.sty
Package: amsbsy 1999/11/29 v1.2d Bold Symbols
\pmbraise@=\dimen173
)
(/data/data/com.termux/files/usr/share/texlive/2024/texmf-dist/tex/latex/amsmat
h/amsopn.sty
Package: amsopn 2022/04/08 v2.04 operator names
)
\inf@bad=\count273
LaTeX Info: Redefining \frac on input line 234.
\uproot@=\count274
\leftroot@=\count275
LaTeX Info: Redefining \overline on input line 399.
LaTeX Info: Redefining \colon on input line 410.
\classnum@=\count276
\DOTSCASE@=\count277
LaTeX Info: Redefining \ldots on input line 496.
LaTeX Info: Redefining \dots on input line 499.
LaTeX Info: Redefining \cdots on input line 620.
\Mathstrutbox@=\box55
\strutbox@=\box56
LaTeX Info: Redefining \big on input line 722.
LaTeX Info: Redefining \Big on input line 723.
LaTeX Info: Redefining \bigg on input line 724.
LaTeX Info: Redefining \Bigg on input line 725.
\big@size=\dimen174
LaTeX Font Info:    Redeclaring font encoding OML on input line 743.
LaTeX Font Info:    Redeclaring font encoding OMS on input line 744.
\macc@depth=\count278
LaTeX Info: Redefining \bmod on input line 905.
LaTeX Info: Redefining \pmod on input line 910.
LaTeX Info: Redefining \smash on input line 940.
LaTeX Info: Redefining \relbar on input line 970.
LaTeX Info: Redefining \Relbar on input line 971.
\c@MaxMatrixCols=\count279
\dotsspace@=\muskip16
\c@parentequation=\count280
\dspbrk@lvl=\count281
\tag@help=\toks23
\row@=\count282
\column@=\count283
\maxfields@=\count284
\andhelp@=\toks24
\eqnshift@=\dimen175
\alignsep@=\dimen176
\tagshift@=\dimen177
\tagwidth@=\dimen178
\totwidth@=\dimen179
\lineht@=\dimen180
\@envbody=\toks25
\multlinegap=\skip52
\multlinetaggap=\skip53
\mathdisplay@stack=\toks26
LaTeX Info: Redefining \[ on input line 2953.
LaTeX Info: Redefining \] on input line 2954.
)
(/data/data/com.termux/files/usr/share/texlive/2024/texmf-dist/tex/latex/siunit
x/siunitx.sty
Package: siunitx 2024-02-15 v3.3.12 A comprehensive (SI) units package
\l__siunitx_number_uncert_offset_int=\count285
\l__siunitx_number_exponent_fixed_int=\count286
\l__siunitx_number_min_decimal_int=\count287
\l__siunitx_number_min_integer_int=\count288
\l__siunitx_number_round_precision_int=\count289
\l__siunitx_number_lower_threshold_int=\count290
\l__siunitx_number_upper_threshold_int=\count291
\l__siunitx_number_group_first_int=\count292
\l__siunitx_number_group_size_int=\count293
\l__siunitx_number_group_minimum_int=\count294
\l__siunitx_angle_tmp_dim=\dimen181
\l__siunitx_angle_marker_box=\box57
\l__siunitx_angle_unit_box=\box58
\l__siunitx_compound_count_int=\count295

(/data/data/com.termux/files/usr/share/texlive/2024/texmf-dist/tex/latex/transl
ations/translations.sty
Package: translations 2022/02/05 v1.12 internationalization of LaTeX2e packages
 (CN)

(/data/data/com.termux/files/usr/share/texlive/2024/texmf-dist/tex/latex/etoolb
ox/etoolbox.sty
Package: etoolbox 2020/10/05 v2.5k e-TeX tools for LaTeX (JAW)
\etb@tempcnta=\count296
)
(/data/data/com.termux/files/usr/share/texlive/2024/texmf-dist/tex/generic/pdft
excmds/pdftexcmds.sty
Package: pdftexcmds 2020-06-27 v0.33 Utility functions of pdfTeX for LuaTeX (HO
)

(/data/data/com.termux/files/usr/share/texlive/2024/texmf-dist/tex/generic/infw
arerr/infwarerr.sty
Package: infwarerr 2019/12/03 v1.5 Providing info/warning/error messages (HO)
)
(/data/data/com.termux/files/usr/share/texlive/2024/texmf-dist/tex/generic/ltxc
mds/ltxcmds.sty
Package: ltxcmds 2023-12-04 v1.26 LaTeX kernel commands for general use (HO)
)
Package pdftexcmds Info: \pdf@primitive is available.
Package pdftexcmds Info: \pdf@ifprimitive is available.
Package pdftexcmds Info: \pdfdraftmode found.
))
\l__siunitx_table_tmp_box=\box59
\l__siunitx_table_tmp_dim=\dimen182
\l__siunitx_table_column_width_dim=\dimen183
\l__siunitx_table_integer_box=\box60
\l__siunitx_table_decimal_box=\box61
\l__siunitx_table_uncert_box=\box62
\l__siunitx_table_before_box=\box63
\l__siunitx_table_after_box=\box64
\l__siunitx_table_before_dim=\dimen184
\l__siunitx_table_carry_dim=\dimen185
\l__siunitx_unit_tmp_int=\count297
\l__siunitx_unit_position_int=\count298
\l__siunitx_unit_total_int=\count299

(/data/data/com.termux/files/usr/share/texlive/2024/texmf-dist/tex/latex/tools/
array.sty
Package: array 2023/10/16 v2.5g Tabular extension package (FMi)
\col@sep=\dimen186
\ar@mcellbox=\box65
\extrarowheight=\dimen187
\NC@list=\toks27
\extratabsurround=\skip54
\backup@length=\skip55
\ar@cellbox=\box66
))
(/data/data/com.termux/files/usr/share/texlive/2024/texmf-dist/tex/latex/amscls
/amsthm.sty
Package: amsthm 2020/05/29 v2.20.6
\thm@style=\toks28
\thm@bodyfont=\toks29
\thm@headfont=\toks30
\thm@notefont=\toks31
\thm@headpunct=\toks32
\thm@preskip=\skip56
\thm@postskip=\skip57
\thm@headsep=\skip58
\dth@everypar=\toks33
)
(/data/data/com.termux/files/usr/share/texlive/2024/texmf-dist/tex/latex/jknapl
tx/mathrsfs.sty
Package: mathrsfs 1996/01/01 Math RSFS package v1.0 (jk)
\symrsfs=\mathgroup4
)
(/data/data/com.termux/files/usr/share/texlive/2024/texmf-dist/tex/latex/txfont
s/txfonts.sty
Package: txfonts 2008/01/22 v3.2.1
LaTeX Font Info:    Redeclaring symbol font `operators' on input line 21.
LaTeX Font Info:    Overwriting symbol font `operators' in version `normal'
(Font)                  OT1/cmr/m/n --> OT1/txr/m/n on input line 21.
LaTeX Font Info:    Overwriting symbol font `operators' in version `bold'
(Font)                  OT1/cmr/bx/n --> OT1/txr/m/n on input line 21.
LaTeX Font Info:    Overwriting symbol font `operators' in version `bold'
(Font)                  OT1/txr/m/n --> OT1/txr/bx/n on input line 22.
\symitalic=\mathgroup5
LaTeX Font Info:    Overwriting symbol font `italic' in version `bold'
(Font)                  OT1/txr/m/it --> OT1/txr/bx/it on input line 26.
LaTeX Font Info:    Redeclaring math alphabet \mathbf on input line 29.
LaTeX Font Info:    Overwriting math alphabet `\mathbf' in version `normal'
(Font)                  OT1/cmr/bx/n --> OT1/txr/bx/n on input line 29.
LaTeX Font Info:    Overwriting math alphabet `\mathbf' in version `bold'
(Font)                  OT1/cmr/bx/n --> OT1/txr/bx/n on input line 29.
LaTeX Font Info:    Redeclaring math alphabet \mathit on input line 30.
LaTeX Font Info:    Overwriting math alphabet `\mathit' in version `normal'
(Font)                  OT1/cmr/m/it --> OT1/txr/m/it on input line 30.
LaTeX Font Info:    Overwriting math alphabet `\mathit' in version `bold'
(Font)                  OT1/cmr/bx/it --> OT1/txr/m/it on input line 30.
LaTeX Font Info:    Overwriting math alphabet `\mathit' in version `bold'
(Font)                  OT1/txr/m/it --> OT1/txr/bx/it on input line 31.
LaTeX Font Info:    Redeclaring math alphabet \mathsf on input line 40.
LaTeX Font Info:    Overwriting math alphabet `\mathsf' in version `normal'
(Font)                  OT1/cmss/m/n --> OT1/txss/m/n on input line 40.
LaTeX Font Info:    Overwriting math alphabet `\mathsf' in version `bold'
(Font)                  OT1/cmss/bx/n --> OT1/txss/m/n on input line 40.
LaTeX Font Info:    Overwriting math alphabet `\mathsf' in version `bold'
(Font)                  OT1/txss/m/n --> OT1/txss/b/n on input line 41.
LaTeX Font Info:    Redeclaring math alphabet \mathtt on input line 50.
LaTeX Font Info:    Overwriting math alphabet `\mathtt' in version `normal'
(Font)                  OT1/cmtt/m/n --> OT1/txtt/m/n on input line 50.
LaTeX Font Info:    Overwriting math alphabet `\mathtt' in version `bold'
(Font)                  OT1/cmtt/m/n --> OT1/txtt/m/n on input line 50.
LaTeX Font Info:    Overwriting math alphabet `\mathtt' in version `bold'
(Font)                  OT1/txtt/m/n --> OT1/txtt/b/n on input line 51.
LaTeX Font Info:    Redeclaring symbol font `letters' on input line 58.
LaTeX Font Info:    Overwriting symbol font `letters' in version `normal'
(Font)                  OML/cmm/m/it --> OML/txmi/m/it on input line 58.
LaTeX Font Info:    Overwriting symbol font `letters' in version `bold'
(Font)                  OML/cmm/b/it --> OML/txmi/m/it on input line 58.
LaTeX Font Info:    Overwriting symbol font `letters' in version `bold'
(Font)                  OML/txmi/m/it --> OML/txmi/bx/it on input line 59.
\symlettersA=\mathgroup6
LaTeX Font Info:    Overwriting symbol font `lettersA' in version `bold'
(Font)                  U/txmia/m/it --> U/txmia/bx/it on input line 67.
LaTeX Font Info:    Redeclaring symbol font `symbols' on input line 77.
LaTeX Font Info:    Overwriting symbol font `symbols' in version `normal'
(Font)                  OMS/cmsy/m/n --> OMS/txsy/m/n on input line 77.
LaTeX Font Info:    Overwriting symbol font `symbols' in version `bold'
(Font)                  OMS/cmsy/b/n --> OMS/txsy/m/n on input line 77.
LaTeX Font Info:    Overwriting symbol font `symbols' in version `bold'
(Font)                  OMS/txsy/m/n --> OMS/txsy/bx/n on input line 78.
\symAMSa=\mathgroup7
LaTeX Font Info:    Overwriting symbol font `AMSa' in version `bold'
(Font)                  U/txsya/m/n --> U/txsya/bx/n on input line 94.
\symAMSb=\mathgroup8
LaTeX Font Info:    Overwriting symbol font `AMSb' in version `bold'
(Font)                  U/txsyb/m/n --> U/txsyb/bx/n on input line 103.
\symsymbolsC=\mathgroup9
LaTeX Font Info:    Overwriting symbol font `symbolsC' in version `bold'
(Font)                  U/txsyc/m/n --> U/txsyc/bx/n on input line 113.
LaTeX Font Info:    Redeclaring symbol font `largesymbols' on input line 120.
LaTeX Font Info:    Overwriting symbol font `largesymbols' in version `normal'
(Font)                  OMX/cmex/m/n --> OMX/txex/m/n on input line 120.
LaTeX Font Info:    Overwriting symbol font `largesymbols' in version `bold'
(Font)                  OMX/cmex/m/n --> OMX/txex/m/n on input line 120.
LaTeX Font Info:    Overwriting symbol font `largesymbols' in version `bold'
(Font)                  OMX/txex/m/n --> OMX/txex/bx/n on input line 121.
\symlargesymbolsA=\mathgroup10
LaTeX Font Info:    Overwriting symbol font `largesymbolsA' in version `bold'
(Font)                  U/txexa/m/n --> U/txexa/bx/n on input line 129.
LaTeX Font Info:    Redeclaring math symbol \mathsterling on input line 164.
LaTeX Font Info:    Redeclaring math symbol \hbar on input line 591.
LaTeX Info: Redefining \not on input line 1043.
LaTeX Info: Redefining \textsquare on input line 1063.
LaTeX Info: Redefining \openbox on input line 1064.
)
(/data/data/com.termux/files/usr/share/texlive/2024/texmf-dist/tex/latex/sttool
s/stfloats.sty
Package: stfloats 2017/03/27 v3.3 Improve float mechanism and baselineskip sett
ings
\@dblbotnum=\count300
\c@dblbotnumber=\count301
)
(/data/data/com.termux/files/usr/share/texlive/2024/texmf-dist/tex/latex/steinm
etz/steinmetz.sty
Package: steinmetz 2009/06/14 v1.0 Steinmetz symbol for electrotechnics

(/data/data/com.termux/files/usr/share/texlive/2024/texmf-dist/tex/latex/pict2e
/pict2e.sty
Package: pict2e 2020/09/30 v0.4b Improved picture commands (HjG,RN,JT)

(/data/data/com.termux/files/usr/share/texlive/2024/texmf-dist/tex/latex/pict2e
/pict2e.cfg
File: pict2e.cfg 2016/02/05 v0.1u pict2e configuration for teTeX/TeXLive
)
Package pict2e Info: Driver file: pdftex.def on input line 112.

(/data/data/com.termux/files/usr/share/texlive/2024/texmf-dist/tex/latex/graphi
cs-def/pdftex.def
File: pdftex.def 2022/09/22 v1.2b Graphics/color driver for pdftex
)
Package pict2e Info: Driver file for pict2e: p2e-pdftex.def on input line 114.

(/data/data/com.termux/files/usr/share/texlive/2024/texmf-dist/tex/latex/pict2e
/p2e-pdftex.def
File: p2e-pdftex.def 2016/02/05 v0.1u Driver-dependant file (RN,HjG,JT)
)
(/data/data/com.termux/files/usr/share/texlive/2024/texmf-dist/tex/latex/graphi
cs/trig.sty
Package: trig 2021/08/11 v1.11 sin cos tan (DPC)
)
\pIIe@GRAPH=\toks34
\@arclen=\dimen188
\@arcrad=\dimen189
\pIIe@tempdima=\dimen190
\pIIe@tempdimb=\dimen191
\pIIe@tempdimc=\dimen192
\pIIe@tempdimd=\dimen193
\pIIe@tempdime=\dimen194
\pIIe@tempdimf=\dimen195
)
\stm@phasebox=\box67
\stm@phasedp=\skip59
\stm@phaseht=\skip60
\stm@phasetot=\skip61
\stm@phasewd=\skip62
)
(/data/data/com.termux/files/usr/share/texlive/2024/texmf-dist/tex/latex/tools/
bm.sty
Package: bm 2023/07/08 v1.2f Bold Symbol Support (DPC/FMi)
\symboldoperators=\mathgroup11
\symboldletters=\mathgroup12
\symboldsymbols=\mathgroup13
\symboldlargesymbols=\mathgroup14
Package bm Info: No bold for \U/rsfs/m/n, using \pmb.
LaTeX Font Info:    Redeclaring math alphabet \mathbf on input line 149.
)
(/data/data/com.termux/files/usr/share/texlive/2024/texmf-dist/tex/latex/cite/c
ite.sty
LaTeX Info: Redefining \cite on input line 302.
LaTeX Info: Redefining \nocite on input line 332.
Package: cite 2015/02/27  v 5.5
)
(/data/data/com.termux/files/usr/share/texlive/2024/texmf-dist/tex/latex/cases/
cases.sty
Package: cases 2020/03/29 ver 3.2
\numc@numwid=\dimen196
)
(/data/data/com.termux/files/usr/share/texlive/2024/texmf-dist/tex/latex/subfig
/subfig.sty
Package: subfig 2005/06/28 ver: 1.3 subfig package

(/data/data/com.termux/files/usr/share/texlive/2024/texmf-dist/tex/latex/captio
n/caption.sty
Package: caption 2023/08/05 v3.6o Customizing captions (AR)

(/data/data/com.termux/files/usr/share/texlive/2024/texmf-dist/tex/latex/captio
n/caption3.sty
Package: caption3 2023/07/31 v2.4d caption3 kernel (AR)
\caption@tempdima=\dimen197
\captionmargin=\dimen198
\caption@leftmargin=\dimen199
\caption@rightmargin=\dimen256
\caption@width=\dimen257
\caption@indent=\dimen258
\caption@parindent=\dimen259
\caption@hangindent=\dimen260
Package caption Info: Unknown document class (or package),
(caption)             standard defaults will be used.
Package caption Info: \@makecaption = \long macro:#1#2->\ifx \@captype \@IEEEta
blestring \footnotesize \bgroup \par \centering \@IEEEtabletopskipstrut {\norma
lfont \footnotesize #1}\\{\normalfont \footnotesize \scshape #2}\par \addvspace
 {0.5\baselineskip }\egroup \@IEEEtablecaptionsepspace \else \@IEEEfigurecaptio
nsepspace \setbox \@tempboxa \hbox {\normalfont \footnotesize {#1.}\nobreakspac
e \nobreakspace #2}\ifdim \wd \@tempboxa >\hsize \setbox \@tempboxa \hbox {\nor
malfont \footnotesize {#1.}\nobreakspace \nobreakspace }\parbox [t]{\hsize }{\n
ormalfont \footnotesize \noindent \unhbox \@tempboxa #2}\else \ifCLASSOPTIONcon
ference \hbox to\hsize {\normalfont \footnotesize \hfil \box \@tempboxa \hfil }
\else \hbox to\hsize {\normalfont \footnotesize \box \@tempboxa \hfil }\fi \fi 
\fi  on input line 1175.
)

Package caption Warning: Unknown document class (or package),
(caption)                standard defaults will be used.
See the caption package documentation for explanation.

\c@caption@flags=\count302
\c@continuedfloat=\count303
Package caption Info: float package is loaded.
)
\c@KVtest=\count304
\sf@farskip=\skip63
\sf@captopadj=\dimen261
\sf@capskip=\skip64
\sf@nearskip=\skip65
\c@subfigure=\count305
\c@subfigure@save=\count306
\c@lofdepth=\count307
\c@subtable=\count308
\c@subtable@save=\count309
\c@lotdepth=\count310
\sf@top=\skip66
\sf@bottom=\skip67
)
(/data/data/com.termux/files/usr/share/texlive/2024/texmf-dist/tex/latex/tools/
longtable.sty
Package: longtable 2023-11-01 v4.19 Multi-page Table package (DPC)
\LTleft=\skip68
\LTright=\skip69
\LTpre=\skip70
\LTpost=\skip71
\LTchunksize=\count311
\LTcapwidth=\dimen262
\LT@head=\box68
\LT@firsthead=\box69
\LT@foot=\box70
\LT@lastfoot=\box71
\LT@gbox=\box72
\LT@cols=\count312
\LT@rows=\count313
\c@LT@tables=\count314
\c@LT@chunks=\count315
\LT@p@ftn=\toks35
)
(/data/data/com.termux/files/usr/share/texlive/2024/texmf-dist/tex/latex/tools/
tabularx.sty
Package: tabularx 2023/07/08 v2.11c `tabularx' package (DPC)
\TX@col@width=\dimen263
\TX@old@table=\dimen264
\TX@old@col=\dimen265
\TX@target=\dimen266
\TX@delta=\dimen267
\TX@cols=\count316
\TX@ftn=\toks36
)
(/data/data/com.termux/files/usr/share/texlive/2024/texmf-dist/tex/latex/multir
ow/multirow.sty
Package: multirow 2021/03/15 v2.8 Span multiple rows of a table
\multirow@colwidth=\skip72
\multirow@cntb=\count317
\multirow@dima=\skip73
\bigstrutjot=\dimen268
)
(/data/data/com.termux/files/usr/share/texlive/2024/texmf-dist/tex/latex/enumit
em/enumitem.sty
Package: enumitem 2019/06/20 v3.9 Customized lists
\labelindent=\skip74
\enit@outerparindent=\dimen269
\enit@toks=\toks37
\enit@inbox=\box73
\enit@count@id=\count318
\enitdp@description=\count319
)
(/data/data/com.termux/files/usr/share/texlive/2024/texmf-dist/tex/latex/mathto
ols/mathtools.sty
Package: mathtools 2024/03/11 v1.30 mathematical typesetting tools

(/data/data/com.termux/files/usr/share/texlive/2024/texmf-dist/tex/latex/tools/
calc.sty
Package: calc 2023/07/08 v4.3 Infix arithmetic (KKT,FJ)
\calc@Acount=\count320
\calc@Bcount=\count321
\calc@Adimen=\dimen270
\calc@Bdimen=\dimen271
\calc@Askip=\skip75
\calc@Bskip=\skip76
LaTeX Info: Redefining \setlength on input line 80.
LaTeX Info: Redefining \addtolength on input line 81.
\calc@Ccount=\count322
\calc@Cskip=\skip77
)
(/data/data/com.termux/files/usr/share/texlive/2024/texmf-dist/tex/latex/mathto
ols/mhsetup.sty
Package: mhsetup 2021/03/18 v1.4 programming setup (MH)
)
\g_MT_multlinerow_int=\count323
\l_MT_multwidth_dim=\dimen272
\origjot=\skip78
\l_MT_shortvdotswithinadjustabove_dim=\dimen273
\l_MT_shortvdotswithinadjustbelow_dim=\dimen274
\l_MT_above_intertext_sep=\dimen275
\l_MT_below_intertext_sep=\dimen276
\l_MT_above_shortintertext_sep=\dimen277
\l_MT_below_shortintertext_sep=\dimen278
\xmathstrut@box=\box74
\xmathstrut@dim=\dimen279
)
(/data/data/com.termux/files/usr/share/texlive/2024/texmf-dist/tex/latex/pgf/fr
ontendlayer/tikz.sty
(/data/data/com.termux/files/usr/share/texlive/2024/texmf-dist/tex/latex/pgf/ba
siclayer/pgf.sty
(/data/data/com.termux/files/usr/share/texlive/2024/texmf-dist/tex/latex/pgf/ut
ilities/pgfrcs.sty
(/data/data/com.termux/files/usr/share/texlive/2024/texmf-dist/tex/generic/pgf/
utilities/pgfutil-common.tex
\pgfutil@everybye=\toks38
\pgfutil@tempdima=\dimen280
\pgfutil@tempdimb=\dimen281
)
(/data/data/com.termux/files/usr/share/texlive/2024/texmf-dist/tex/generic/pgf/
utilities/pgfutil-latex.def
\pgfutil@abb=\box75
)
(/data/data/com.termux/files/usr/share/texlive/2024/texmf-dist/tex/generic/pgf/
utilities/pgfrcs.code.tex
(/data/data/com.termux/files/usr/share/texlive/2024/texmf-dist/tex/generic/pgf/
pgf.revision.tex)
Package: pgfrcs 2023-01-15 v3.1.10 (3.1.10)
))
Package: pgf 2023-01-15 v3.1.10 (3.1.10)

(/data/data/com.termux/files/usr/share/texlive/2024/texmf-dist/tex/latex/pgf/ba
siclayer/pgfcore.sty
(/data/data/com.termux/files/usr/share/texlive/2024/texmf-dist/tex/latex/graphi
cs/graphicx.sty
Package: graphicx 2021/09/16 v1.2d Enhanced LaTeX Graphics (DPC,SPQR)

(/data/data/com.termux/files/usr/share/texlive/2024/texmf-dist/tex/latex/graphi
cs/graphics.sty
Package: graphics 2022/03/10 v1.4e Standard LaTeX Graphics (DPC,SPQR)

(/data/data/com.termux/files/usr/share/texlive/2024/texmf-dist/tex/latex/graphi
cs-cfg/graphics.cfg
File: graphics.cfg 2016/06/04 v1.11 sample graphics configuration
)
Package graphics Info: Driver file: pdftex.def on input line 107.
)
\Gin@req@height=\dimen282
\Gin@req@width=\dimen283
)
(/data/data/com.termux/files/usr/share/texlive/2024/texmf-dist/tex/latex/pgf/sy
stemlayer/pgfsys.sty
(/data/data/com.termux/files/usr/share/texlive/2024/texmf-dist/tex/generic/pgf/
systemlayer/pgfsys.code.tex
Package: pgfsys 2023-01-15 v3.1.10 (3.1.10)

(/data/data/com.termux/files/usr/share/texlive/2024/texmf-dist/tex/generic/pgf/
utilities/pgfkeys.code.tex
\pgfkeys@pathtoks=\toks39
\pgfkeys@temptoks=\toks40

(/data/data/com.termux/files/usr/share/texlive/2024/texmf-dist/tex/generic/pgf/
utilities/pgfkeyslibraryfiltered.code.tex
\pgfkeys@tmptoks=\toks41
))
\pgf@x=\dimen284
\pgf@y=\dimen285
\pgf@xa=\dimen286
\pgf@ya=\dimen287
\pgf@xb=\dimen288
\pgf@yb=\dimen289
\pgf@xc=\dimen290
\pgf@yc=\dimen291
\pgf@xd=\dimen292
\pgf@yd=\dimen293
\w@pgf@writea=\write3
\r@pgf@reada=\read2
\c@pgf@counta=\count324
\c@pgf@countb=\count325
\c@pgf@countc=\count326
\c@pgf@countd=\count327
\t@pgf@toka=\toks42
\t@pgf@tokb=\toks43
\t@pgf@tokc=\toks44
\pgf@sys@id@count=\count328

(/data/data/com.termux/files/usr/share/texlive/2024/texmf-dist/tex/generic/pgf/
systemlayer/pgf.cfg
File: pgf.cfg 2023-01-15 v3.1.10 (3.1.10)
)
Driver file for pgf: pgfsys-pdftex.def

(/data/data/com.termux/files/usr/share/texlive/2024/texmf-dist/tex/generic/pgf/
systemlayer/pgfsys-pdftex.def
File: pgfsys-pdftex.def 2023-01-15 v3.1.10 (3.1.10)

(/data/data/com.termux/files/usr/share/texlive/2024/texmf-dist/tex/generic/pgf/
systemlayer/pgfsys-common-pdf.def
File: pgfsys-common-pdf.def 2023-01-15 v3.1.10 (3.1.10)
)))
(/data/data/com.termux/files/usr/share/texlive/2024/texmf-dist/tex/generic/pgf/
systemlayer/pgfsyssoftpath.code.tex
File: pgfsyssoftpath.code.tex 2023-01-15 v3.1.10 (3.1.10)
\pgfsyssoftpath@smallbuffer@items=\count329
\pgfsyssoftpath@bigbuffer@items=\count330
)
(/data/data/com.termux/files/usr/share/texlive/2024/texmf-dist/tex/generic/pgf/
systemlayer/pgfsysprotocol.code.tex
File: pgfsysprotocol.code.tex 2023-01-15 v3.1.10 (3.1.10)
))
(/data/data/com.termux/files/usr/share/texlive/2024/texmf-dist/tex/latex/xcolor
/xcolor.sty
Package: xcolor 2023/11/15 v3.01 LaTeX color extensions (UK)

(/data/data/com.termux/files/usr/share/texlive/2024/texmf-dist/tex/latex/graphi
cs-cfg/color.cfg
File: color.cfg 2016/01/02 v1.6 sample color configuration
)
Package xcolor Info: Driver file: pdftex.def on input line 274.

(/data/data/com.termux/files/usr/share/texlive/2024/texmf-dist/tex/latex/graphi
cs/mathcolor.ltx)
Package xcolor Info: Model `cmy' substituted by `cmy0' on input line 1350.
Package xcolor Info: Model `hsb' substituted by `rgb' on input line 1354.
Package xcolor Info: Model `RGB' extended on input line 1366.
Package xcolor Info: Model `HTML' substituted by `rgb' on input line 1368.
Package xcolor Info: Model `Hsb' substituted by `hsb' on input line 1369.
Package xcolor Info: Model `tHsb' substituted by `hsb' on input line 1370.
Package xcolor Info: Model `HSB' substituted by `hsb' on input line 1371.
Package xcolor Info: Model `Gray' substituted by `gray' on input line 1372.
Package xcolor Info: Model `wave' substituted by `hsb' on input line 1373.
)
(/data/data/com.termux/files/usr/share/texlive/2024/texmf-dist/tex/generic/pgf/
basiclayer/pgfcore.code.tex
Package: pgfcore 2023-01-15 v3.1.10 (3.1.10)

(/data/data/com.termux/files/usr/share/texlive/2024/texmf-dist/tex/generic/pgf/
math/pgfmath.code.tex
(/data/data/com.termux/files/usr/share/texlive/2024/texmf-dist/tex/generic/pgf/
math/pgfmathutil.code.tex)
(/data/data/com.termux/files/usr/share/texlive/2024/texmf-dist/tex/generic/pgf/
math/pgfmathparser.code.tex
\pgfmath@dimen=\dimen294
\pgfmath@count=\count331
\pgfmath@box=\box76
\pgfmath@toks=\toks45
\pgfmath@stack@operand=\toks46
\pgfmath@stack@operation=\toks47
)
(/data/data/com.termux/files/usr/share/texlive/2024/texmf-dist/tex/generic/pgf/
math/pgfmathfunctions.code.tex)
(/data/data/com.termux/files/usr/share/texlive/2024/texmf-dist/tex/generic/pgf/
math/pgfmathfunctions.basic.code.tex)
(/data/data/com.termux/files/usr/share/texlive/2024/texmf-dist/tex/generic/pgf/
math/pgfmathfunctions.trigonometric.code.tex)
(/data/data/com.termux/files/usr/share/texlive/2024/texmf-dist/tex/generic/pgf/
math/pgfmathfunctions.random.code.tex)
(/data/data/com.termux/files/usr/share/texlive/2024/texmf-dist/tex/generic/pgf/
math/pgfmathfunctions.comparison.code.tex)
(/data/data/com.termux/files/usr/share/texlive/2024/texmf-dist/tex/generic/pgf/
math/pgfmathfunctions.base.code.tex)
(/data/data/com.termux/files/usr/share/texlive/2024/texmf-dist/tex/generic/pgf/
math/pgfmathfunctions.round.code.tex)
(/data/data/com.termux/files/usr/share/texlive/2024/texmf-dist/tex/generic/pgf/
math/pgfmathfunctions.misc.code.tex)
(/data/data/com.termux/files/usr/share/texlive/2024/texmf-dist/tex/generic/pgf/
math/pgfmathfunctions.integerarithmetics.code.tex)
(/data/data/com.termux/files/usr/share/texlive/2024/texmf-dist/tex/generic/pgf/
math/pgfmathcalc.code.tex)
(/data/data/com.termux/files/usr/share/texlive/2024/texmf-dist/tex/generic/pgf/
math/pgfmathfloat.code.tex
\c@pgfmathroundto@lastzeros=\count332
))
(/data/data/com.termux/files/usr/share/texlive/2024/texmf-dist/tex/generic/pgf/
math/pgfint.code.tex)
(/data/data/com.termux/files/usr/share/texlive/2024/texmf-dist/tex/generic/pgf/
basiclayer/pgfcorepoints.code.tex
File: pgfcorepoints.code.tex 2023-01-15 v3.1.10 (3.1.10)
\pgf@picminx=\dimen295
\pgf@picmaxx=\dimen296
\pgf@picminy=\dimen297
\pgf@picmaxy=\dimen298
\pgf@pathminx=\dimen299
\pgf@pathmaxx=\dimen300
\pgf@pathminy=\dimen301
\pgf@pathmaxy=\dimen302
\pgf@xx=\dimen303
\pgf@xy=\dimen304
\pgf@yx=\dimen305
\pgf@yy=\dimen306
\pgf@zx=\dimen307
\pgf@zy=\dimen308
)
(/data/data/com.termux/files/usr/share/texlive/2024/texmf-dist/tex/generic/pgf/
basiclayer/pgfcorepathconstruct.code.tex
File: pgfcorepathconstruct.code.tex 2023-01-15 v3.1.10 (3.1.10)
\pgf@path@lastx=\dimen309
\pgf@path@lasty=\dimen310
)
(/data/data/com.termux/files/usr/share/texlive/2024/texmf-dist/tex/generic/pgf/
basiclayer/pgfcorepathusage.code.tex
File: pgfcorepathusage.code.tex 2023-01-15 v3.1.10 (3.1.10)
\pgf@shorten@end@additional=\dimen311
\pgf@shorten@start@additional=\dimen312
)
(/data/data/com.termux/files/usr/share/texlive/2024/texmf-dist/tex/generic/pgf/
basiclayer/pgfcorescopes.code.tex
File: pgfcorescopes.code.tex 2023-01-15 v3.1.10 (3.1.10)
\pgfpic=\box77
\pgf@hbox=\box78
\pgf@layerbox@main=\box79
\pgf@picture@serial@count=\count333
)
(/data/data/com.termux/files/usr/share/texlive/2024/texmf-dist/tex/generic/pgf/
basiclayer/pgfcoregraphicstate.code.tex
File: pgfcoregraphicstate.code.tex 2023-01-15 v3.1.10 (3.1.10)
\pgflinewidth=\dimen313
)
(/data/data/com.termux/files/usr/share/texlive/2024/texmf-dist/tex/generic/pgf/
basiclayer/pgfcoretransformations.code.tex
File: pgfcoretransformations.code.tex 2023-01-15 v3.1.10 (3.1.10)
\pgf@pt@x=\dimen314
\pgf@pt@y=\dimen315
\pgf@pt@temp=\dimen316
)
(/data/data/com.termux/files/usr/share/texlive/2024/texmf-dist/tex/generic/pgf/
basiclayer/pgfcorequick.code.tex
File: pgfcorequick.code.tex 2023-01-15 v3.1.10 (3.1.10)
)
(/data/data/com.termux/files/usr/share/texlive/2024/texmf-dist/tex/generic/pgf/
basiclayer/pgfcoreobjects.code.tex
File: pgfcoreobjects.code.tex 2023-01-15 v3.1.10 (3.1.10)
)
(/data/data/com.termux/files/usr/share/texlive/2024/texmf-dist/tex/generic/pgf/
basiclayer/pgfcorepathprocessing.code.tex
File: pgfcorepathprocessing.code.tex 2023-01-15 v3.1.10 (3.1.10)
)
(/data/data/com.termux/files/usr/share/texlive/2024/texmf-dist/tex/generic/pgf/
basiclayer/pgfcorearrows.code.tex
File: pgfcorearrows.code.tex 2023-01-15 v3.1.10 (3.1.10)
\pgfarrowsep=\dimen317
)
(/data/data/com.termux/files/usr/share/texlive/2024/texmf-dist/tex/generic/pgf/
basiclayer/pgfcoreshade.code.tex
File: pgfcoreshade.code.tex 2023-01-15 v3.1.10 (3.1.10)
\pgf@max=\dimen318
\pgf@sys@shading@range@num=\count334
\pgf@shadingcount=\count335
)
(/data/data/com.termux/files/usr/share/texlive/2024/texmf-dist/tex/generic/pgf/
basiclayer/pgfcoreimage.code.tex
File: pgfcoreimage.code.tex 2023-01-15 v3.1.10 (3.1.10)
)
(/data/data/com.termux/files/usr/share/texlive/2024/texmf-dist/tex/generic/pgf/
basiclayer/pgfcoreexternal.code.tex
File: pgfcoreexternal.code.tex 2023-01-15 v3.1.10 (3.1.10)
\pgfexternal@startupbox=\box80
)
(/data/data/com.termux/files/usr/share/texlive/2024/texmf-dist/tex/generic/pgf/
basiclayer/pgfcorelayers.code.tex
File: pgfcorelayers.code.tex 2023-01-15 v3.1.10 (3.1.10)
)
(/data/data/com.termux/files/usr/share/texlive/2024/texmf-dist/tex/generic/pgf/
basiclayer/pgfcoretransparency.code.tex
File: pgfcoretransparency.code.tex 2023-01-15 v3.1.10 (3.1.10)
)
(/data/data/com.termux/files/usr/share/texlive/2024/texmf-dist/tex/generic/pgf/
basiclayer/pgfcorepatterns.code.tex
File: pgfcorepatterns.code.tex 2023-01-15 v3.1.10 (3.1.10)
)
(/data/data/com.termux/files/usr/share/texlive/2024/texmf-dist/tex/generic/pgf/
basiclayer/pgfcorerdf.code.tex
File: pgfcorerdf.code.tex 2023-01-15 v3.1.10 (3.1.10)
)))
(/data/data/com.termux/files/usr/share/texlive/2024/texmf-dist/tex/generic/pgf/
modules/pgfmoduleshapes.code.tex
File: pgfmoduleshapes.code.tex 2023-01-15 v3.1.10 (3.1.10)
\pgfnodeparttextbox=\box81
)
(/data/data/com.termux/files/usr/share/texlive/2024/texmf-dist/tex/generic/pgf/
modules/pgfmoduleplot.code.tex
File: pgfmoduleplot.code.tex 2023-01-15 v3.1.10 (3.1.10)
)
(/data/data/com.termux/files/usr/share/texlive/2024/texmf-dist/tex/latex/pgf/co
mpatibility/pgfcomp-version-0-65.sty
Package: pgfcomp-version-0-65 2023-01-15 v3.1.10 (3.1.10)
\pgf@nodesepstart=\dimen319
\pgf@nodesepend=\dimen320
)
(/data/data/com.termux/files/usr/share/texlive/2024/texmf-dist/tex/latex/pgf/co
mpatibility/pgfcomp-version-1-18.sty
Package: pgfcomp-version-1-18 2023-01-15 v3.1.10 (3.1.10)
))
(/data/data/com.termux/files/usr/share/texlive/2024/texmf-dist/tex/latex/pgf/ut
ilities/pgffor.sty
(/data/data/com.termux/files/usr/share/texlive/2024/texmf-dist/tex/latex/pgf/ut
ilities/pgfkeys.sty
(/data/data/com.termux/files/usr/share/texlive/2024/texmf-dist/tex/generic/pgf/
utilities/pgfkeys.code.tex))
(/data/data/com.termux/files/usr/share/texlive/2024/texmf-dist/tex/latex/pgf/ma
th/pgfmath.sty
(/data/data/com.termux/files/usr/share/texlive/2024/texmf-dist/tex/generic/pgf/
math/pgfmath.code.tex))
(/data/data/com.termux/files/usr/share/texlive/2024/texmf-dist/tex/generic/pgf/
utilities/pgffor.code.tex
Package: pgffor 2023-01-15 v3.1.10 (3.1.10)
\pgffor@iter=\dimen321
\pgffor@skip=\dimen322
\pgffor@stack=\toks48
\pgffor@toks=\toks49
))
(/data/data/com.termux/files/usr/share/texlive/2024/texmf-dist/tex/generic/pgf/
frontendlayer/tikz/tikz.code.tex
Package: tikz 2023-01-15 v3.1.10 (3.1.10)

(/data/data/com.termux/files/usr/share/texlive/2024/texmf-dist/tex/generic/pgf/
libraries/pgflibraryplothandlers.code.tex
File: pgflibraryplothandlers.code.tex 2023-01-15 v3.1.10 (3.1.10)
\pgf@plot@mark@count=\count336
\pgfplotmarksize=\dimen323
)
\tikz@lastx=\dimen324
\tikz@lasty=\dimen325
\tikz@lastxsaved=\dimen326
\tikz@lastysaved=\dimen327
\tikz@lastmovetox=\dimen328
\tikz@lastmovetoy=\dimen329
\tikzleveldistance=\dimen330
\tikzsiblingdistance=\dimen331
\tikz@figbox=\box82
\tikz@figbox@bg=\box83
\tikz@tempbox=\box84
\tikz@tempbox@bg=\box85
\tikztreelevel=\count337
\tikznumberofchildren=\count338
\tikznumberofcurrentchild=\count339
\tikz@fig@count=\count340

(/data/data/com.termux/files/usr/share/texlive/2024/texmf-dist/tex/generic/pgf/
modules/pgfmodulematrix.code.tex
File: pgfmodulematrix.code.tex 2023-01-15 v3.1.10 (3.1.10)
\pgfmatrixcurrentrow=\count341
\pgfmatrixcurrentcolumn=\count342
\pgf@matrix@numberofcolumns=\count343
)
\tikz@expandcount=\count344

(/data/data/com.termux/files/usr/share/texlive/2024/texmf-dist/tex/generic/pgf/
frontendlayer/tikz/libraries/tikzlibrarytopaths.code.tex
File: tikzlibrarytopaths.code.tex 2023-01-15 v3.1.10 (3.1.10)
)))
(/data/data/com.termux/files/usr/share/texlive/2024/texmf-dist/tex/latex/circui
tikz/circuitikz.sty
Package: circuitikz 2024/02/09{} The CircuiTikz circuit drawing package version
 1.6.7

(/data/data/com.termux/files/usr/share/texlive/2024/texmf-dist/tex/generic/pgf/
frontendlayer/tikz/libraries/tikzlibrarycalc.code.tex
File: tikzlibrarycalc.code.tex 2023-01-15 v3.1.10 (3.1.10)
)
(/data/data/com.termux/files/usr/share/texlive/2024/texmf-dist/tex/generic/pgf/
libraries/pgflibraryarrows.meta.code.tex
File: pgflibraryarrows.meta.code.tex 2023-01-15 v3.1.10 (3.1.10)
\pgfarrowinset=\dimen332
\pgfarrowlength=\dimen333
\pgfarrowwidth=\dimen334
\pgfarrowlinewidth=\dimen335
)
(/data/data/com.termux/files/usr/share/texlive/2024/texmf-dist/tex/generic/pgf/
frontendlayer/tikz/libraries/tikzlibrarybending.code.tex
File: tikzlibrarybending.code.tex 2023-01-15 v3.1.10 (3.1.10)

(/data/data/com.termux/files/usr/share/texlive/2024/texmf-dist/tex/generic/pgf/
modules/pgfmodulebending.code.tex
File: pgfmodulebending.code.tex 2023-01-15 v3.1.10 (3.1.10)

(/data/data/com.termux/files/usr/share/texlive/2024/texmf-dist/tex/generic/pgf/
modules/pgfmodulenonlineartransformations.code.tex
File: pgfmodulenonlineartransformations.code.tex 2023-01-15 v3.1.10 (3.1.10)
\pgftransformnonlinearflatness=\dimen336
)
(/data/data/com.termux/files/usr/share/texlive/2024/texmf-dist/tex/generic/pgf/
libraries/pgflibrarycurvilinear.code.tex
File: pgflibrarycurvilinear.code.tex 2023-01-15 v3.1.10 (3.1.10)
\pgf@curvilinear@time@a=\dimen337
\pgf@curvilinear@length@a=\dimen338
\pgf@curvilinear@length@b=\dimen339
\pgf@curvilinear@length@c=\dimen340
\pgf@curvilinear@length@d=\dimen341
)
\pgf@arrows@the@rigidity=\dimen342
))
(/data/data/com.termux/files/usr/share/texlive/2024/texmf-dist/tex/generic/pgf/
frontendlayer/tikz/libraries/tikzlibraryfpu.code.tex
(/data/data/com.termux/files/usr/share/texlive/2024/texmf-dist/tex/generic/pgf/
libraries/pgflibraryfpu.code.tex))
(/data/data/com.termux/files/usr/share/texlive/2024/texmf-dist/tex/generic/circ
uitikz/pgfcirc.defines.tex
\pgf@circ@count@a=\count345
\pgf@circ@count@b=\count346
\pgf@circ@count@c=\count347
\pgf@circ@res@up=\dimen343
\pgf@circ@res@down=\dimen344
\pgf@circ@res@zero=\dimen345
\pgf@circ@res@left=\dimen346
\pgf@circ@res@right=\dimen347
\pgf@circ@res@other=\dimen348
\pgf@circ@res@step=\dimen349
\pgf@circ@res@temp=\dimen350
\pgf@circ@Rlen=\dimen351
\pgf@circ@scaled@Rlen=\dimen352
\pgfstartlinewidth=\dimen353
)
(/data/data/com.termux/files/usr/share/texlive/2024/texmf-dist/tex/generic/circ
uitikz/pgfcircutils.tex
\ctikz@scratchbox=\box86
)
(/data/data/com.termux/files/usr/share/texlive/2024/texmf-dist/tex/generic/circ
uitikz/pgfcircpath.tex)
(/data/data/com.termux/files/usr/share/texlive/2024/texmf-dist/tex/generic/circ
uitikz/pgfcircshapes.tex)
(/data/data/com.termux/files/usr/share/texlive/2024/texmf-dist/tex/generic/circ
uitikz/pgfcircmonopoles.tex)
(/data/data/com.termux/files/usr/share/texlive/2024/texmf-dist/tex/generic/circ
uitikz/pgfcircbipoles.tex)
(/data/data/com.termux/files/usr/share/texlive/2024/texmf-dist/tex/generic/circ
uitikz/pgfcirctripoles.tex
\pgf@circ@res@count=\count348
)
(/data/data/com.termux/files/usr/share/texlive/2024/texmf-dist/tex/generic/circ
uitikz/pgfcircquadpoles.tex)
(/data/data/com.termux/files/usr/share/texlive/2024/texmf-dist/tex/generic/circ
uitikz/pgfcircmultipoles.tex)
(/data/data/com.termux/files/usr/share/texlive/2024/texmf-dist/tex/generic/circ
uitikz/pgfcirclabel.tex)
(/data/data/com.termux/files/usr/share/texlive/2024/texmf-dist/tex/generic/circ
uitikz/pgfcircvoltage.tex
\pgfcirc@labelshift=\dimen354
)
(/data/data/com.termux/files/usr/share/texlive/2024/texmf-dist/tex/generic/circ
uitikz/pgfcirccurrent.tex)
(/data/data/com.termux/files/usr/share/texlive/2024/texmf-dist/tex/generic/circ
uitikz/pgfcircflow.tex))
(/data/data/com.termux/files/usr/share/texlive/2024/texmf-dist/tex/latex/tools/
verbatim.sty
Package: verbatim 2023-11-06 v1.5v LaTeX2e package for verbatim enhancements
\every@verbatim=\toks50
\verbatim@line=\toks51
\verbatim@in@stream=\read3
)
(/data/data/com.termux/files/usr/share/texlive/2024/texmf-dist/tex/latex/hyperr
ef/hyperref.sty
Package: hyperref 2024-01-20 v7.01h Hypertext links for LaTeX

(/data/data/com.termux/files/usr/share/texlive/2024/texmf-dist/tex/latex/kvsetk
eys/kvsetkeys.sty
Package: kvsetkeys 2022-10-05 v1.19 Key value parser (HO)
)
(/data/data/com.termux/files/usr/share/texlive/2024/texmf-dist/tex/generic/kvde
finekeys/kvdefinekeys.sty
Package: kvdefinekeys 2019-12-19 v1.6 Define keys (HO)
)
(/data/data/com.termux/files/usr/share/texlive/2024/texmf-dist/tex/generic/pdfe
scape/pdfescape.sty
Package: pdfescape 2019/12/09 v1.15 Implements pdfTeX's escape features (HO)
)
(/data/data/com.termux/files/usr/share/texlive/2024/texmf-dist/tex/latex/hycolo
r/hycolor.sty
Package: hycolor 2020-01-27 v1.10 Color options for hyperref/bookmark (HO)
)
(/data/data/com.termux/files/usr/share/texlive/2024/texmf-dist/tex/latex/auxhoo
k/auxhook.sty
Package: auxhook 2019-12-17 v1.6 Hooks for auxiliary files (HO)
)
(/data/data/com.termux/files/usr/share/texlive/2024/texmf-dist/tex/latex/hyperr
ef/nameref.sty
Package: nameref 2023-11-26 v2.56 Cross-referencing by name of section

(/data/data/com.termux/files/usr/share/texlive/2024/texmf-dist/tex/latex/refcou
nt/refcount.sty
Package: refcount 2019/12/15 v3.6 Data extraction from label references (HO)
)
(/data/data/com.termux/files/usr/share/texlive/2024/texmf-dist/tex/generic/gett
itlestring/gettitlestring.sty
Package: gettitlestring 2019/12/15 v1.6 Cleanup title references (HO)

(/data/data/com.termux/files/usr/share/texlive/2024/texmf-dist/tex/latex/kvopti
ons/kvoptions.sty
Package: kvoptions 2022-06-15 v3.15 Key value format for package options (HO)
))
\c@section@level=\count349
)
\@linkdim=\dimen355
\Hy@linkcounter=\count350
\Hy@pagecounter=\count351

(/data/data/com.termux/files/usr/share/texlive/2024/texmf-dist/tex/latex/hyperr
ef/pd1enc.def
File: pd1enc.def 2024-01-20 v7.01h Hyperref: PDFDocEncoding definition (HO)
Now handling font encoding PD1 ...
... no UTF-8 mapping file for font encoding PD1
)
(/data/data/com.termux/files/usr/share/texlive/2024/texmf-dist/tex/generic/intc
alc/intcalc.sty
Package: intcalc 2019/12/15 v1.3 Expandable calculations with integers (HO)
)
\Hy@SavedSpaceFactor=\count352

(/data/data/com.termux/files/usr/share/texlive/2024/texmf-dist/tex/latex/hyperr
ef/puenc.def
File: puenc.def 2024-01-20 v7.01h Hyperref: PDF Unicode definition (HO)
Now handling font encoding PU ...
... no UTF-8 mapping file for font encoding PU
)
Package hyperref Info: Option `breaklinks' set `true' on input line 4062.
Package hyperref Info: Hyper figures OFF on input line 4179.
Package hyperref Info: Link nesting OFF on input line 4184.
Package hyperref Info: Hyper index ON on input line 4187.
Package hyperref Info: Plain pages OFF on input line 4194.
Package hyperref Info: Backreferencing OFF on input line 4199.
Package hyperref Info: Implicit mode ON; LaTeX internals redefined.
Package hyperref Info: Bookmarks ON on input line 4446.
\c@Hy@tempcnt=\count353

(/data/data/com.termux/files/usr/share/texlive/2024/texmf-dist/tex/latex/url/ur
l.sty
\Urlmuskip=\muskip17
Package: url 2013/09/16  ver 3.4  Verb mode for urls, etc.
)
LaTeX Info: Redefining \url on input line 4784.
\XeTeXLinkMargin=\dimen356

(/data/data/com.termux/files/usr/share/texlive/2024/texmf-dist/tex/generic/bits
et/bitset.sty
Package: bitset 2019/12/09 v1.3 Handle bit-vector datatype (HO)

(/data/data/com.termux/files/usr/share/texlive/2024/texmf-dist/tex/generic/bigi
ntcalc/bigintcalc.sty
Package: bigintcalc 2019/12/15 v1.5 Expandable calculations on big integers (HO
)
))
\Fld@menulength=\count354
\Field@Width=\dimen357
\Fld@charsize=\dimen358
Package hyperref Info: Hyper figures OFF on input line 6063.
Package hyperref Info: Link nesting OFF on input line 6068.
Package hyperref Info: Hyper index ON on input line 6071.
Package hyperref Info: backreferencing OFF on input line 6078.
Package hyperref Info: Link coloring OFF on input line 6083.
Package hyperref Info: Link coloring with OCG OFF on input line 6088.
Package hyperref Info: PDF/A mode OFF on input line 6093.

(/data/data/com.termux/files/usr/share/texlive/2024/texmf-dist/tex/latex/base/a
tbegshi-ltx.sty
Package: atbegshi-ltx 2021/01/10 v1.0c Emulation of the original atbegshi
package with kernel methods
)
\Hy@abspage=\count355
\c@Item=\count356
\c@Hfootnote=\count357
)
Package hyperref Info: Driver (autodetected): hpdftex.

(/data/data/com.termux/files/usr/share/texlive/2024/texmf-dist/tex/latex/hyperr
ef/hpdftex.def
File: hpdftex.def 2024-01-20 v7.01h Hyperref driver for pdfTeX

(/data/data/com.termux/files/usr/share/texlive/2024/texmf-dist/tex/latex/base/a
tveryend-ltx.sty
Package: atveryend-ltx 2020/08/19 v1.0a Emulation of the original atveryend pac
kage
with kernel methods
)
\Fld@listcount=\count358
\c@bookmark@seq@number=\count359

(/data/data/com.termux/files/usr/share/texlive/2024/texmf-dist/tex/latex/rerunf
ilecheck/rerunfilecheck.sty
Package: rerunfilecheck 2022-07-10 v1.10 Rerun checks for auxiliary files (HO)

(/data/data/com.termux/files/usr/share/texlive/2024/texmf-dist/tex/generic/uniq
uecounter/uniquecounter.sty
Package: uniquecounter 2019/12/15 v1.4 Provide unlimited unique counter (HO)
)
Package uniquecounter Info: New unique counter `rerunfilecheck' on input line 2
85.
)
\Hy@SectionHShift=\skip79
)
(/data/data/com.termux/files/usr/share/texlive/2024/texmf-dist/tex/latex/tkz-eu
clide/tkz-euclide.sty
2024/02/04 5.06c tkz-euclide.sty
Package: tkz-euclide  2024/02/04 5.06c for pure Euclidean Geometry 

(/data/data/com.termux/files/usr/share/texlive/2024/texmf-dist/tex/generic/pgf/
frontendlayer/tikz/libraries/tikzlibraryangles.code.tex
File: tikzlibraryangles.code.tex 2023-01-15 v3.1.10 (3.1.10)
)
(/data/data/com.termux/files/usr/share/texlive/2024/texmf-dist/tex/generic/pgf/
frontendlayer/tikz/libraries/tikzlibraryarrows.code.tex
File: tikzlibraryarrows.code.tex 2023-01-15 v3.1.10 (3.1.10)

(/data/data/com.termux/files/usr/share/texlive/2024/texmf-dist/tex/generic/pgf/
libraries/pgflibraryarrows.code.tex
File: pgflibraryarrows.code.tex 2023-01-15 v3.1.10 (3.1.10)
\arrowsize=\dimen359
))
(/data/data/com.termux/files/usr/share/texlive/2024/texmf-dist/tex/generic/pgf/
frontendlayer/tikz/libraries/tikzlibrarybackgrounds.code.tex
File: tikzlibrarybackgrounds.code.tex 2023-01-15 v3.1.10 (3.1.10)
\pgf@layerbox@background=\box87
\pgf@layerboxsaved@background=\box88
)
(/data/data/com.termux/files/usr/share/texlive/2024/texmf-dist/tex/generic/pgf/
frontendlayer/tikz/libraries/tikzlibrarydecorations.code.tex
(/data/data/com.termux/files/usr/share/texlive/2024/texmf-dist/tex/generic/pgf/
modules/pgfmoduledecorations.code.tex
\pgfdecoratedcompleteddistance=\dimen360
\pgfdecoratedremainingdistance=\dimen361
\pgfdecoratedinputsegmentcompleteddistance=\dimen362
\pgfdecoratedinputsegmentremainingdistance=\dimen363
\pgf@decorate@distancetomove=\dimen364
\pgf@decorate@repeatstate=\count360
\pgfdecorationsegmentamplitude=\dimen365
\pgfdecorationsegmentlength=\dimen366
)
\tikz@lib@dec@box=\box89
)
(/data/data/com.termux/files/usr/share/texlive/2024/texmf-dist/tex/generic/pgf/
frontendlayer/tikz/libraries/tikzlibrarydecorations.markings.code.tex
(/data/data/com.termux/files/usr/share/texlive/2024/texmf-dist/tex/generic/pgf/
libraries/decorations/pgflibrarydecorations.markings.code.tex))
(/data/data/com.termux/files/usr/share/texlive/2024/texmf-dist/tex/generic/pgf/
frontendlayer/tikz/libraries/tikzlibrarydecorations.pathreplacing.code.tex
(/data/data/com.termux/files/usr/share/texlive/2024/texmf-dist/tex/generic/pgf/
libraries/decorations/pgflibrarydecorations.pathreplacing.code.tex))
(/data/data/com.termux/files/usr/share/texlive/2024/texmf-dist/tex/generic/pgf/
frontendlayer/tikz/libraries/tikzlibrarydecorations.shapes.code.tex
(/data/data/com.termux/files/usr/share/texlive/2024/texmf-dist/tex/generic/pgf/
libraries/decorations/pgflibrarydecorations.shapes.code.tex))
(/data/data/com.termux/files/usr/share/texlive/2024/texmf-dist/tex/generic/pgf/
frontendlayer/tikz/libraries/tikzlibrarydecorations.text.code.tex
(/data/data/com.termux/files/usr/share/texlive/2024/texmf-dist/tex/generic/pgf/
libraries/decorations/pgflibrarydecorations.text.code.tex
\pgf@lib@dec@text@box=\box90
)
\tikz@lib@dec@te@box=\box91
)
(/data/data/com.termux/files/usr/share/texlive/2024/texmf-dist/tex/generic/pgf/
frontendlayer/tikz/libraries/tikzlibrarydecorations.pathmorphing.code.tex
(/data/data/com.termux/files/usr/share/texlive/2024/texmf-dist/tex/generic/pgf/
libraries/decorations/pgflibrarydecorations.pathmorphing.code.tex))
(/data/data/com.termux/files/usr/share/texlive/2024/texmf-dist/tex/generic/pgf/
frontendlayer/tikz/libraries/tikzlibraryintersections.code.tex
(/data/data/com.termux/files/usr/share/texlive/2024/texmf-dist/tex/generic/pgf/
libraries/pgflibraryintersections.code.tex
\pgf@intersect@solutions=\count361
))
(/data/data/com.termux/files/usr/share/texlive/2024/texmf-dist/tex/generic/pgf/
frontendlayer/tikz/libraries/tikzlibrarymath.code.tex
\tikz@math@for@depth=\count362
\tikz@math@dimen=\dimen367
\tikz@math@toks=\toks52
)
(/data/data/com.termux/files/usr/share/texlive/2024/texmf-dist/tex/generic/pgf/
frontendlayer/tikz/libraries/tikzlibraryplotmarks.code.tex
File: tikzlibraryplotmarks.code.tex 2023-01-15 v3.1.10 (3.1.10)

(/data/data/com.termux/files/usr/share/texlive/2024/texmf-dist/tex/generic/pgf/
libraries/pgflibraryplotmarks.code.tex
File: pgflibraryplotmarks.code.tex 2023-01-15 v3.1.10 (3.1.10)
))
(/data/data/com.termux/files/usr/share/texlive/2024/texmf-dist/tex/generic/pgf/
frontendlayer/tikz/libraries/tikzlibrarypositioning.code.tex
File: tikzlibrarypositioning.code.tex 2023-01-15 v3.1.10 (3.1.10)
)
(/data/data/com.termux/files/usr/share/texlive/2024/texmf-dist/tex/generic/pgf/
frontendlayer/tikz/libraries/tikzlibraryquotes.code.tex
File: tikzlibraryquotes.code.tex 2023-01-15 v3.1.10 (3.1.10)
)
(/data/data/com.termux/files/usr/share/texlive/2024/texmf-dist/tex/generic/pgf/
frontendlayer/tikz/libraries/tikzlibraryshapes.misc.code.tex
File: tikzlibraryshapes.misc.code.tex 2023-01-15 v3.1.10 (3.1.10)

(/data/data/com.termux/files/usr/share/texlive/2024/texmf-dist/tex/generic/pgf/
libraries/shapes/pgflibraryshapes.misc.code.tex
File: pgflibraryshapes.misc.code.tex 2023-01-15 v3.1.10 (3.1.10)
))
(/data/data/com.termux/files/usr/share/texlive/2024/texmf-dist/tex/generic/pgf/
frontendlayer/tikz/libraries/tikzlibrarythrough.code.tex
File: tikzlibrarythrough.code.tex 2023-01-15 v3.1.10 (3.1.10)
)
(/data/data/com.termux/files/usr/share/texlive/2024/texmf-dist/tex/latex/l3pack
ages/xfp/xfp.sty
(/data/data/com.termux/files/usr/share/texlive/2024/texmf-dist/tex/latex/l3kern
el/expl3.sty
Package: expl3 2024-03-14 L3 programming layer (loader) 

(/data/data/com.termux/files/usr/share/texlive/2024/texmf-dist/tex/latex/l3back
end/l3backend-pdftex.def
File: l3backend-pdftex.def 2024-03-14 L3 backend support: PDF output (pdfTeX)
\l__color_backend_stack_int=\count363
\l__pdf_internal_box=\box92
))
Package: xfp 2024-03-14 L3 Floating point unit
)
(/data/data/com.termux/files/usr/share/texlive/2024/texmf-dist/tex/latex/xpatch
/xpatch.sty
Package: xpatch 2020/03/25 v0.3a Extending etoolbox patching commands

(/data/data/com.termux/files/usr/share/texlive/2024/texmf-dist/tex/latex/l3pack
ages/xparse/xparse.sty
Package: xparse 2024-03-14 L3 Experimental document command parser
))
\tkzRadius=\dimen368
\tkzLength=\dimen369
\tkz@radi=\dimen370
\tkz@ax=\dimen371
\tkz@ay=\dimen372
\tkz@bx=\dimen373
\tkz@by=\dimen374
\tkz@cx=\dimen375
\tkz@cy=\dimen376
\tkz@dx=\dimen377
\tkz@dy=\dimen378
\tkz@cntmk=\count364

Local configuration file tkz-euclide.cfg found and used

(/data/data/com.termux/files/usr/share/texlive/2024/texmf-dist/tex/latex/tkz-eu
clide/tkz-euclide.cfg
2024/02/04 5.06c tkz-euclide.cfg
)
(/data/data/com.termux/files/usr/share/texlive/2024/texmf-dist/tex/latex/tkz-eu
clide/tkz-tools-eu-base.tex
2024/02/04 5.06c tkz-tools-eu-base.tex
)
(/data/data/com.termux/files/usr/share/texlive/2024/texmf-dist/tex/latex/tkz-eu
clide/tkz-tools-eu-utilities.tex
2024/02/04 5.06c tkz-tools-eu-utilities.tex
)
(/data/data/com.termux/files/usr/share/texlive/2024/texmf-dist/tex/latex/tkz-eu
clide/tkz-tools-eu-BB.tex
2024/02/04 5.06c tkz-obj-eu-BB.tex
)
(/data/data/com.termux/files/usr/share/texlive/2024/texmf-dist/tex/latex/tkz-eu
clide/tkz-obj-eu-grids.tex
2024/02/04 5.06c tkz-obj-eu-grids.tex
)
(/data/data/com.termux/files/usr/share/texlive/2024/texmf-dist/tex/latex/tkz-eu
clide/tkz-lib-eu-marks.tex
2024/02/04 5.06c tkz-lib-eu-marks.tex
)
(/data/data/com.termux/files/usr/share/texlive/2024/texmf-dist/tex/latex/tkz-eu
clide/tkz-tools-eu-text.tex
2024/02/04 5.06c tkz-tools-eu-text.tex
)
(/data/data/com.termux/files/usr/share/texlive/2024/texmf-dist/tex/latex/tkz-eu
clide/tkz-lib-eu-shape.tex
2024/02/04 5.06c tkz-lib-eu-shape.tex
)
(/data/data/com.termux/files/usr/share/texlive/2024/texmf-dist/tex/latex/tkz-eu
clide/tkz-obj-eu-axesmin.tex
2024/02/04 5.06c tkz-obj-eu-axesmin
)
(/data/data/com.termux/files/usr/share/texlive/2024/texmf-dist/tex/latex/tkz-eu
clide/tkz-tools-eu-colors.tex
2024/02/04 5.06c tkz-tools-eu-colors
)
(/data/data/com.termux/files/usr/share/texlive/2024/texmf-dist/tex/latex/tkz-eu
clide/tkz-obj-eu-points.tex
2024/02/04 5.06c tkz-obj-eu-points.tex
)
(/data/data/com.termux/files/usr/share/texlive/2024/texmf-dist/tex/latex/tkz-eu
clide/tkz-draw-eu-points.tex
2024/02/04 5.06c tkz-draw-eu-points.tex
)
(/data/data/com.termux/files/usr/share/texlive/2024/texmf-dist/tex/latex/tkz-eu
clide/tkz-obj-eu-points.tex
2024/02/04 5.06c tkz-obj-eu-points.tex
)
(/data/data/com.termux/files/usr/share/texlive/2024/texmf-dist/tex/latex/tkz-eu
clide/tkz-obj-eu-points-by.tex
2024/02/04 5.06c tkz-tools-eu-points-by.tex
)
(/data/data/com.termux/files/usr/share/texlive/2024/texmf-dist/tex/latex/tkz-eu
clide/tkz-tools-eu-math.tex
2024/02/04 5.06c tkz-tools-eu-math.tex
)
(/data/data/com.termux/files/usr/share/texlive/2024/texmf-dist/tex/latex/tkz-eu
clide/tkz-tools-eu-intersections.tex
2024/02/04 5.06c tkz-tools-eu-intersections.tex
)
(/data/data/com.termux/files/usr/share/texlive/2024/texmf-dist/tex/latex/tkz-eu
clide/tkz-obj-eu-points-with.tex
2024/02/04 5.06c tkz-obj-eu-points-with.tex
)
(/data/data/com.termux/files/usr/share/texlive/2024/texmf-dist/tex/latex/tkz-eu
clide/tkz-obj-eu-points-spc.tex
2024/02/04 5.06c tkz-obj-el-points.tex
)
(/data/data/com.termux/files/usr/share/texlive/2024/texmf-dist/tex/latex/tkz-eu
clide/tkz-tools-eu-angles.tex
2024/02/04 5.06c tkz-tools-eu-angles.tex
)
(/data/data/com.termux/files/usr/share/texlive/2024/texmf-dist/tex/latex/tkz-eu
clide/tkz-obj-eu-circles.tex
2024/02/04 5.06c tkz-obj-eu-circles.tex
)
(/data/data/com.termux/files/usr/share/texlive/2024/texmf-dist/tex/latex/tkz-eu
clide/tkz-obj-eu-circles-by.tex
2024/02/04 5.06c tkz-obj-eu-circles.tex
)
(/data/data/com.termux/files/usr/share/texlive/2024/texmf-dist/tex/latex/tkz-eu
clide/tkz-obj-eu-points-rnd.tex
2024/02/04 5.06c tkz-obj-eu-points-rnd.tex
)
(/data/data/com.termux/files/usr/share/texlive/2024/texmf-dist/tex/latex/tkz-eu
clide/tkz-obj-eu-lines.tex
2024/02/04 5.06c tkz-obj-eu-lines.tex
)
(/data/data/com.termux/files/usr/share/texlive/2024/texmf-dist/tex/latex/tkz-eu
clide/tkz-obj-eu-polygons.tex
2024/02/04 5.06c tkz-obj-eu-polygons.tex
)
(/data/data/com.termux/files/usr/share/texlive/2024/texmf-dist/tex/latex/tkz-eu
clide/tkz-obj-eu-triangles.tex
2024/02/04 5.06c tkz-obj-eu-triangles.tex
)
(/data/data/com.termux/files/usr/share/texlive/2024/texmf-dist/tex/latex/tkz-eu
clide/tkz-draw-eu-lines.tex
2024/02/04 5.06c tkz-obj-eu-draw-lines.tex
)
(/data/data/com.termux/files/usr/share/texlive/2024/texmf-dist/tex/latex/tkz-eu
clide/tkz-draw-eu-circles.tex
2024/02/04 5.06c tkz-obj-eu-draw-circles.tex
)
(/data/data/com.termux/files/usr/share/texlive/2024/texmf-dist/tex/latex/tkz-eu
clide/tkz-draw-eu-ellipses.tex
2024/02/04 5.06c tkz-obj-eu-draw-ellipses.tex
)
(/data/data/com.termux/files/usr/share/texlive/2024/texmf-dist/tex/latex/tkz-eu
clide/tkz-draw-eu-polygons.tex
2024/02/04 5.06c tkz-obj-eu-polygons.tex
)
(/data/data/com.termux/files/usr/share/texlive/2024/texmf-dist/tex/latex/tkz-eu
clide/tkz-draw-eu-angles.tex
2024/02/04 5.06c tkz-tool-eu-angles.tex
)
(/data/data/com.termux/files/usr/share/texlive/2024/texmf-dist/tex/latex/tkz-eu
clide/tkz-draw-eu-sectors.tex
2024/02/04 5.06c tkz-obj-eu-sectors.tex
)
(/data/data/com.termux/files/usr/share/texlive/2024/texmf-dist/tex/latex/tkz-eu
clide/tkz-draw-eu-compass.tex
2024/02/04 5.06c tkz-obj-eu-compass.tex
)
(/data/data/com.termux/files/usr/share/texlive/2024/texmf-dist/tex/latex/tkz-eu
clide/tkz-draw-eu-show.tex
2024/02/04 5.06c tkz-obj-eu-show.tex
)
(/data/data/com.termux/files/usr/share/texlive/2024/texmf-dist/tex/latex/tkz-eu
clide/tkz-draw-eu-protractor.tex
2024/02/04 5.06c tkz-obj-eu-protractor.tex
))
(/data/data/com.termux/files/usr/share/texlive/2024/texmf-dist/tex/generic/pgf/
frontendlayer/tikz/libraries/tikzlibraryfadings.code.tex
File: tikzlibraryfadings.code.tex 2023-01-15 v3.1.10 (3.1.10)

(/data/data/com.termux/files/usr/share/texlive/2024/texmf-dist/tex/generic/pgf/
libraries/pgflibraryfadings.code.tex
File: pgflibraryfadings.code.tex 2023-01-15 v3.1.10 (3.1.10)
))
(/data/data/com.termux/files/usr/share/texlive/2024/texmf-dist/tex/latex/listin
gs/listings.sty
\lst@mode=\count365
\lst@gtempboxa=\box93
\lst@token=\toks53
\lst@length=\count366
\lst@currlwidth=\dimen379
\lst@column=\count367
\lst@pos=\count368
\lst@lostspace=\dimen380
\lst@width=\dimen381
\lst@newlines=\count369
\lst@lineno=\count370
\lst@maxwidth=\dimen382

(/data/data/com.termux/files/usr/share/texlive/2024/texmf-dist/tex/latex/listin
gs/lstpatch.sty
File: lstpatch.sty 2024/03/11 1.10a (Carsten Heinz)
)
(/data/data/com.termux/files/usr/share/texlive/2024/texmf-dist/tex/latex/listin
gs/lstmisc.sty
File: lstmisc.sty 2024/03/11 1.10a (Carsten Heinz)
\c@lstnumber=\count371
\lst@skipnumbers=\count372
\lst@framebox=\box94
)
(/data/data/com.termux/files/usr/share/texlive/2024/texmf-dist/tex/latex/listin
gs/listings.cfg
File: listings.cfg 2024/03/11 1.10a listings configuration
))
Package: listings 2024/03/11 1.10a (Carsten Heinz)

(/data/data/com.termux/files/usr/share/texlive/2024/texmf-dist/tex/latex/tools/
hhline.sty
Package: hhline 2020/01/04 v2.04 Table rule package (DPC)
)
(/data/data/com.termux/files/usr/share/texlive/2024/texmf-dist/tex/latex/base/i
fthen.sty
Package: ifthen 2022/04/13 v1.1d Standard LaTeX ifthen package (DPC)
)
(/data/data/com.termux/files/usr/share/texlive/2024/texmf-dist/tex/latex/graphi
cs/lscape.sty
Package: lscape 2020/05/28 v3.02 Landscape Pages (DPC)
)
(/data/data/com.termux/files/usr/share/texlive/2024/texmf-dist/tex/latex/tools/
multicol.sty
Package: multicol 2023/03/30 v1.9f multicolumn formatting (FMi)
\c@tracingmulticols=\count373
\mult@box=\box95
\multicol@leftmargin=\dimen383
\c@unbalance=\count374
\c@collectmore=\count375
\doublecol@number=\count376
\multicoltolerance=\count377
\multicolpretolerance=\count378
\full@width=\dimen384
\page@free=\dimen385
\premulticols=\dimen386
\postmulticols=\dimen387
\multicolsep=\skip80
\multicolbaselineskip=\skip81
\partial@page=\box96
\last@line=\box97
\mc@boxedresult=\box98
\maxbalancingoverflow=\dimen388
\mult@rightbox=\box99
\mult@grightbox=\box100
\mult@firstbox=\box101
\mult@gfirstbox=\box102
\@tempa=\box103
\@tempa=\box104
\@tempa=\box105
\@tempa=\box106
\@tempa=\box107
\@tempa=\box108
\@tempa=\box109
\@tempa=\box110
\@tempa=\box111
\@tempa=\box112
\@tempa=\box113
\@tempa=\box114
\@tempa=\box115
\@tempa=\box116
\@tempa=\box117
\@tempa=\box118
\@tempa=\box119
\@tempa=\box120
\@tempa=\box121
\@tempa=\box122
\@tempa=\box123
\@tempa=\box124
\@tempa=\box125
\@tempa=\box126
\@tempa=\box127
\@tempa=\box128
\@tempa=\box129
\@tempa=\box130
\@tempa=\box131
\@tempa=\box132
\@tempa=\box133
\@tempa=\box134
\@tempa=\box135
\@tempa=\box136
\@tempa=\box137
\@tempa=\box138
\c@minrows=\count379
\c@columnbadness=\count380
\c@finalcolumnbadness=\count381
\last@try=\dimen389
\multicolovershoot=\dimen390
\multicolundershoot=\dimen391
\mult@nat@firstbox=\box139
\colbreak@box=\box140
\mc@col@check@num=\count382
)
(/data/data/com.termux/files/usr/share/texlive/2024/texmf-dist/tex/latex/chngcn
tr/chngcntr.sty
Package: chngcntr 2018/04/09 v1.1a change counter resetting
Package chngcntr Info: \counterwithout already defined.
(chngcntr)             Quitting chngcntr on input line 21.
)
\c@theorem=\count383
\c@problem=\count384
\c@proposition=\count385
\c@lemma=\count386
\c@example=\count387
) (./gvv.sty
\c@rem=\count388
\c@matchleft=\count389
\c@matchright=\count390
)
\@indexfile=\write4
\openout4 = `main.idx'.


Writing index file main.idx
Package translations Info: No language package found. I am going to use `englis
h' as default language. on input line 20.
LaTeX Font Info:    Trying to load font information for OT1+txr on input line 2
0.

(/data/data/com.termux/files/usr/share/texlive/2024/texmf-dist/tex/latex/txfont
s/ot1txr.fd
File: ot1txr.fd 2000/12/15 v3.1
) (./main.aux)
\openout1 = `main.aux'.

LaTeX Font Info:    Checking defaults for OML/txmi/m/it on input line 20.
LaTeX Font Info:    Trying to load font information for OML+txmi on input line 
20.

(/data/data/com.termux/files/usr/share/texlive/2024/texmf-dist/tex/latex/txfont
s/omltxmi.fd
File: omltxmi.fd 2000/12/15 v3.1
)
LaTeX Font Info:    ... okay on input line 20.
LaTeX Font Info:    Checking defaults for OMS/txsy/m/n on input line 20.
LaTeX Font Info:    Trying to load font information for OMS+txsy on input line 
20.

(/data/data/com.termux/files/usr/share/texlive/2024/texmf-dist/tex/latex/txfont
s/omstxsy.fd
File: omstxsy.fd 2000/12/15 v3.1
)
LaTeX Font Info:    ... okay on input line 20.
LaTeX Font Info:    Checking defaults for OT1/cmr/m/n on input line 20.
LaTeX Font Info:    ... okay on input line 20.
LaTeX Font Info:    Checking defaults for T1/cmr/m/n on input line 20.
LaTeX Font Info:    ... okay on input line 20.
LaTeX Font Info:    Checking defaults for TS1/cmr/m/n on input line 20.
LaTeX Font Info:    ... okay on input line 20.
LaTeX Font Info:    Checking defaults for OMX/txex/m/n on input line 20.
LaTeX Font Info:    Trying to load font information for OMX+txex on input line 
20.

(/data/data/com.termux/files/usr/share/texlive/2024/texmf-dist/tex/latex/txfont
s/omxtxex.fd
File: omxtxex.fd 2000/12/15 v3.1
)
LaTeX Font Info:    ... okay on input line 20.
LaTeX Font Info:    Checking defaults for U/txexa/m/n on input line 20.
LaTeX Font Info:    Trying to load font information for U+txexa on input line 2
0.

(/data/data/com.termux/files/usr/share/texlive/2024/texmf-dist/tex/latex/txfont
s/utxexa.fd
File: utxexa.fd 2000/12/15 v3.1
)
LaTeX Font Info:    ... okay on input line 20.
LaTeX Font Info:    Checking defaults for PD1/pdf/m/n on input line 20.
LaTeX Font Info:    ... okay on input line 20.
LaTeX Font Info:    Checking defaults for PU/pdf/m/n on input line 20.
LaTeX Font Info:    ... okay on input line 20.
LaTeX Font Info:    Font shape `OT1/txr/b/n' in size <5> not available
(Font)              Font shape `OT1/txr/bx/n' tried instead on input line 20.
LaTeX Font Info:    Font shape `OT1/txr/b/it' in size <5> not available
(Font)              Font shape `OT1/txr/bx/it' tried instead on input line 20.
LaTeX Font Info:    Font shape `OT1/txr/b/n' in size <7> not available
(Font)              Font shape `OT1/txr/bx/n' tried instead on input line 20.
LaTeX Font Info:    Font shape `OT1/txr/b/it' in size <7> not available
(Font)              Font shape `OT1/txr/bx/it' tried instead on input line 20.
LaTeX Font Info:    Font shape `OT1/txr/b/n' in size <8> not available
(Font)              Font shape `OT1/txr/bx/n' tried instead on input line 20.
LaTeX Font Info:    Font shape `OT1/txr/b/it' in size <8> not available
(Font)              Font shape `OT1/txr/bx/it' tried instead on input line 20.
LaTeX Font Info:    Font shape `OT1/txr/b/n' in size <9> not available
(Font)              Font shape `OT1/txr/bx/n' tried instead on input line 20.
LaTeX Font Info:    Font shape `OT1/txr/b/it' in size <9> not available
(Font)              Font shape `OT1/txr/bx/it' tried instead on input line 20.
LaTeX Font Info:    Font shape `OT1/txr/b/n' in size <10> not available
(Font)              Font shape `OT1/txr/bx/n' tried instead on input line 20.
LaTeX Font Info:    Font shape `OT1/txr/b/it' in size <10> not available
(Font)              Font shape `OT1/txr/bx/it' tried instead on input line 20.
LaTeX Font Info:    Font shape `OT1/txr/b/n' in size <11> not available
(Font)              Font shape `OT1/txr/bx/n' tried instead on input line 20.
LaTeX Font Info:    Font shape `OT1/txr/b/it' in size <11> not available
(Font)              Font shape `OT1/txr/bx/it' tried instead on input line 20.
LaTeX Font Info:    Font shape `OT1/txr/b/n' in size <12> not available
(Font)              Font shape `OT1/txr/bx/n' tried instead on input line 20.
LaTeX Font Info:    Font shape `OT1/txr/b/it' in size <12> not available
(Font)              Font shape `OT1/txr/bx/it' tried instead on input line 20.
LaTeX Font Info:    Font shape `OT1/txr/b/n' in size <17> not available
(Font)              Font shape `OT1/txr/bx/n' tried instead on input line 20.
LaTeX Font Info:    Font shape `OT1/txr/b/it' in size <17> not available
(Font)              Font shape `OT1/txr/bx/it' tried instead on input line 20.
LaTeX Font Info:    Font shape `OT1/txr/b/n' in size <20> not available
(Font)              Font shape `OT1/txr/bx/n' tried instead on input line 20.
LaTeX Font Info:    Font shape `OT1/txr/b/it' in size <20> not available
(Font)              Font shape `OT1/txr/bx/it' tried instead on input line 20.
LaTeX Font Info:    Font shape `OT1/txr/b/n' in size <24> not available
(Font)              Font shape `OT1/txr/bx/n' tried instead on input line 20.
LaTeX Font Info:    Font shape `OT1/txr/b/it' in size <24> not available
(Font)              Font shape `OT1/txr/bx/it' tried instead on input line 20.

-- Lines per column: 45 (approximate, difference = 0.60239pt).
*geometry* driver: auto-detecting
*geometry* detected driver: pdftex
*geometry* verbose mode - [ preamble ] result:
* driver: pdftex
* paper: a5paper
* layout: <same size as paper>
* layoutoffset:(h,v)=(0.0pt,0.0pt)
* modes: 
* h-part:(L,W,R)=(28.45274pt, 364.1953pt, 28.45274pt)
* v-part:(T,H,B)=(28.45274pt, 540.60239pt, 28.45274pt)
* \paperwidth=421.10078pt
* \paperheight=597.50787pt
* \textwidth=364.1953pt
* \textheight=540.60239pt
* \oddsidemargin=-43.81725pt
* \evensidemargin=-43.81725pt
* \topmargin=-77.15924pt
* \headheight=28.45274pt
* \headsep=0.0pt
* \topskip=12.0pt
* \footskip=25.80774pt
* \marginparwidth=20.0pt
* \marginparsep=10.0pt
* \columnsep=12.0pt
* \skip\footins=10.79993pt plus 4.79993pt minus 2.39996pt
* \hoffset=0.0pt
* \voffset=0.0pt
* \mag=1000
* \@twocolumntrue
* \@twosidefalse
* \@mparswitchfalse
* \@reversemarginfalse
* (1in=72.27pt=25.4mm, 1cm=28.453pt)

LaTeX Info: Redefining \celsius on input line 20.
Package gensymb Info: Faking symbols for \degree and \celsius on input line 20.


Package gensymb Warning: Not defining \perthousand.

LaTeX Info: Redefining \ohm on input line 20.
Package gensymb Info: Using \Omega for \ohm on input line 20.

Package gensymb Warning: Not defining \micro.


(/data/data/com.termux/files/usr/share/texlive/2024/texmf-dist/tex/latex/transl
ations/translations-basic-dictionary-english.trsl
File: translations-basic-dictionary-english.trsl (english translation file `tra
nslations-basic-dictionary')
)
Package translations Info: loading dictionary `translations-basic-dictionary' f
or `english'. on input line 20.

(/data/data/com.termux/files/usr/share/texlive/2024/texmf-dist/tex/context/base
/mkii/supp-pdf.mkii
[Loading MPS to PDF converter (version 2006.09.02).]
\scratchcounter=\count391
\scratchdimen=\dimen392
\scratchbox=\box141
\nofMPsegments=\count392
\nofMParguments=\count393
\everyMPshowfont=\toks54
\MPscratchCnt=\count394
\MPscratchDim=\dimen393
\MPnumerator=\count395
\makeMPintoPDFobject=\count396
\everyMPtoPDFconversion=\toks55
)
(/data/data/com.termux/files/usr/share/texlive/2024/texmf-dist/tex/latex/epstop
df-pkg/epstopdf-base.sty
Package: epstopdf-base 2020-01-24 v2.11 Base part for package epstopdf
Package epstopdf-base Info: Redefining graphics rule for `.eps' on input line 4
85.

(/data/data/com.termux/files/usr/share/texlive/2024/texmf-dist/tex/latex/latexc
onfig/epstopdf-sys.cfg
File: epstopdf-sys.cfg 2010/07/13 v1.3 Configuration of (r)epstopdf for TeX Liv
e
))
Package caption Info: Begin \AtBeginDocument code.
Package caption Info: subfig package v1.3 is loaded.
Package caption Info: hyperref package is loaded.
Package caption Info: listings package is loaded.
Package caption Info: longtable package is loaded.

(/data/data/com.termux/files/usr/share/texlive/2024/texmf-dist/tex/latex/captio
n/ltcaption.sty
Package: ltcaption 2021/01/08 v1.4c longtable captions (AR)
)
Package caption Info: End \AtBeginDocument code.
Package hyperref Info: Link coloring OFF on input line 20.
 (./main.out) (./main.out)
\@outlinefile=\write5
\openout5 = `main.out'.

\c@lstlisting=\count397
<figs/logo.jpg, id=147, 2537.48pt x 2047.65pt>
File: figs/logo.jpg Graphic file (type jpg)
<use figs/logo.jpg>
Package pdftex.def Info: figs/logo.jpg  used on input line 47.
(pdftex.def)             Requested size: 72.83794pt x 58.77106pt.
 [1{/data/data/com.termux/files/usr/share/texlive/2024/texmf-var/fonts/map/pdft
ex/updmap/pdftex.map}{/data/data/com.termux/files/usr/share/texlive/2024/texmf-
dist/fonts/enc/dvips/base/8r.enc}


 <./figs/logo.jpg>] [2] (./main.toc
LaTeX Font Info:    Trying to load font information for U+rsfs on input line 2.


(/data/data/com.termux/files/usr/share/texlive/2024/texmf-dist/tex/latex/jknapl
tx/ursfs.fd
File: ursfs.fd 1998/03/24 rsfs font definition file (jk)
)
LaTeX Font Info:    Trying to load font information for U+txmia on input line 2
.

(/data/data/com.termux/files/usr/share/texlive/2024/texmf-dist/tex/latex/txfont
s/utxmia.fd
File: utxmia.fd 2000/12/15 v3.1
)
LaTeX Font Info:    Trying to load font information for U+txsya on input line 2
.

(/data/data/com.termux/files/usr/share/texlive/2024/texmf-dist/tex/latex/txfont
s/utxsya.fd
File: utxsya.fd 2000/12/15 v3.1
)
LaTeX Font Info:    Trying to load font information for U+txsyb on input line 2
.

(/data/data/com.termux/files/usr/share/texlive/2024/texmf-dist/tex/latex/txfont
s/utxsyb.fd
File: utxsyb.fd 2000/12/15 v3.1
)
LaTeX Font Info:    Trying to load font information for U+txsyc on input line 2
.

(/data/data/com.termux/files/usr/share/texlive/2024/texmf-dist/tex/latex/txfont
s/utxsyc.fd
File: utxsyc.fd 2000/12/15 v3.1
))
\tf@toc=\write6
\openout6 = `main.toc'.

 [3] (./chapters/trig/trig_id.tex
(./figs/trig_id/right/tri_right_angle.tex) (./figs/trig_id/right/tri_baudh.tex)

Underfull \vbox (badness 3861) has occurred while \output is active []

 [4

]
Underfull \vbox (badness 10000) has occurred while \output is active []

 [5]
(./figs/trig_id/right/tri_isoc-alt.tex) (./figs/trig_id/right/tri_sss.tex)
[6] (./figs/trig_id/right/tri_isoc.tex)
(./figs/trig_id/sincos/tri_cosine_formula.tex)
Underfull \vbox (badness 1490) has occurred while \output is active []

 [7]
Underfull \vbox (badness 10000) has occurred while \output is active []

 [8]
(./figs/trig_id/sincos/tri_sin_inc.tex
Missing character: There is no ; in font nullfont!
Missing character: There is no ; in font nullfont!
Missing character: There is no ; in font nullfont!
) [9]
Underfull \vbox (badness 10000) has occurred while \output is active []

 [10]
Underfull \vbox (badness 10000) has occurred while \output is active []

 [11]
(./figs/trig_id/angbis/tri-icentre.tex) [12]
(./figs/trig_id/angbis/tri-iradius.tex) [13]
(./figs/trig_id/angbis/tri_icircle.tex)
(./figs/trig_id/angbis/tri_isoc_ang_bsect.tex)
Underfull \vbox (badness 10000) has occurred while \output is active []

 [14]
Underfull \vbox (badness 10000) has occurred while \output is active []

 [15]
(./figs/trig_id/ccircle/tri_isosc.tex) [16]
(./figs/trig_id/ccircle/tri-perp-bis.tex)
(./figs/trig_id/ccircle/tri_ccentre.tex)
(./figs/trig_id/ccircle/tri_ccircle.tex)
Underfull \vbox (badness 5161) has occurred while \output is active []

 [17]
Underfull \vbox (badness 10000) has occurred while \output is active []

 [18]
Underfull \vbox (badness 10000) has occurred while \output is active []

 [19]
(./figs/trig_id/ccircle/circ_tang_icept.tex) [20]
(./figs/trig_id/median/tri_med.tex) [21]
(./figs/trig_id/median/tri_med_isect.tex)
Underfull \vbox (badness 10000) has occurred while \output is active []

 [22]
(./figs/trig_id/median/tri_med_meet.tex) (./figs/trig_id/median/tri_med_sim.tex
)
Underfull \vbox (badness 10000) has occurred while \output is active []

 [23])
(./ncert/hd.tex [24]
Underfull \vbox (badness 10000) has occurred while \output is active []

 [25])
(./cbse/hd.tex
<cbse/figs/kites.jpg, id=689, 926.46124pt x 210.7875pt>
File: cbse/figs/kites.jpg Graphic file (type jpg)
<use cbse/figs/kites.jpg>
Package pdftex.def Info: cbse/figs/kites.jpg  used on input line 11.
(pdftex.def)             Requested size: 364.1953pt x 82.86293pt.

Underfull \vbox (badness 1005) has occurred while \output is active []

 [26]
<cbse/figs/as.jpeg, id=709, 261.97874pt x 182.6825pt>
File: cbse/figs/as.jpeg Graphic file (type jpg)
<use cbse/figs/as.jpeg>
Package pdftex.def Info: cbse/figs/as.jpeg  used on input line 25.
(pdftex.def)             Requested size: 199.16928pt x 138.88751pt.

[27 <./cbse/figs/kites.jpg> <./cbse/figs/as.jpeg>]
<cbse/figs/ak.jpeg, id=722, 418.56375pt x 315.1775pt>
File: cbse/figs/ak.jpeg Graphic file (type jpg)
<use cbse/figs/ak.jpeg>
Package pdftex.def Info: cbse/figs/ak.jpeg  used on input line 36.
(pdftex.def)             Requested size: 199.16928pt x 149.97057pt.
<cbse/figs/su.jpeg, id=724, 336.25626pt x 181.67876pt>
File: cbse/figs/su.jpeg Graphic file (type jpg)
<use cbse/figs/su.jpeg>
Package pdftex.def Info: cbse/figs/su.jpeg  used on input line 49.
(pdftex.def)             Requested size: 199.16928pt x 107.6109pt.

Underfull \vbox (badness 10000) has occurred while \output is active []

 [28 <./cbse/figs/ak.jpeg>]
<cbse/figs/kite.jpeg, id=738, 515.9275pt x 144.54pt>
File: cbse/figs/kite.jpeg Graphic file (type jpg)
<use cbse/figs/kite.jpeg>
Package pdftex.def Info: cbse/figs/kite.jpeg  used on input line 60.
(pdftex.def)             Requested size: 199.16928pt x 55.79694pt.
<cbse/figs/boat.edit.jpeg, id=740, 432.61626pt x 263.98625pt>
File: cbse/figs/boat.edit.jpeg Graphic file (type jpg)
<use cbse/figs/boat.edit.jpeg>
Package pdftex.def Info: cbse/figs/boat.edit.jpeg  used on input line 75.
(pdftex.def)             Requested size: 199.16928pt x 121.53584pt.

Underfull \vbox (badness 10000) has occurred while \output is active []

 [29 <./cbse/figs/su.jpeg> <./cbse/figs/kite.jpeg>] [30 <./cbse/figs/boat.edit.
jpeg>]
Underfull \vbox (badness 10000) has occurred while \output is active []

 [31]
<cbse/figs/Problem.png, id=783, 580.1675pt x 341.275pt>
File: cbse/figs/Problem.png Graphic file (type png)
<use cbse/figs/Problem.png>
Package pdftex.def Info: cbse/figs/Problem.png  used on input line 129.
(pdftex.def)             Requested size: 273.14647pt x 160.67526pt.
<cbse/figs/Fig-4.png, id=786, 249.93375pt x 177.66376pt>
File: cbse/figs/Fig-4.png Graphic file (type png)
<use cbse/figs/Fig-4.png>
Package pdftex.def Info: cbse/figs/Fig-4.png  used on input line 161.
(pdftex.def)             Requested size: 273.14647pt x 194.1837pt.

[32 <./cbse/figs/Problem.png>] [33 <./cbse/figs/Fig-4.png>]
Underfull \vbox (badness 10000) has occurred while \output is active []

 [34]
<cbse/figs/cbse_30_3_1.png, id=838, 269.005pt x 169.63374pt>
File: cbse/figs/cbse_30_3_1.png Graphic file (type png)
<use cbse/figs/cbse_30_3_1.png>
Package pdftex.def Info: cbse/figs/cbse_30_3_1.png  used on input line 209.
(pdftex.def)             Requested size: 364.1953pt x 229.66345pt.

[35 <./cbse/figs/cbse_30_3_1.png>]
Underfull \vbox (badness 10000) has occurred while \output is active []

 [36]
LaTeX Font Info:    Trying to load font information for TS1+txr on input line 2
44.

(/data/data/com.termux/files/usr/share/texlive/2024/texmf-dist/tex/latex/txfont
s/ts1txr.fd
File: ts1txr.fd 2000/12/15 v3.1
)
Underfull \vbox (badness 10000) has occurred while \output is active []

 [37])
(./chapters/trig/tri.tex (./figs/tri/tri-sim.tex) [38]
(./figs/tri/tri-ang-bis.tex) (./figs/tri/tri-obtuse.tex)
Underfull \vbox (badness 10000) has occurred while \output is active []

 [39]
(./figs/tri/tri-hyp.tex)
Underfull \vbox (badness 10000) has occurred while \output is active []

 [40]
(./figs/tri/tri-trap.tex)
Underfull \vbox (badness 10000) has occurred while \output is active []

 [41]
(./figs/tri/tri-rect.tex)) (./cbse/tri.tex [42]
<cbse/figs/rightangled.jpg, id=977, 745.78625pt x 209.78375pt>
File: cbse/figs/rightangled.jpg Graphic file (type jpg)
<use cbse/figs/rightangled.jpg>
Package pdftex.def Info: cbse/figs/rightangled.jpg  used on input line 10.
(pdftex.def)             Requested size: 364.1953pt x 102.44281pt.
)
(./JEE/zchapters/properties-of-triangle.tex
(./JEE/Properties-Triangle/fitb/1-11/main.tex
Underfull \vbox (badness 10000) has occurred while \output is active []

 [43 <./cbse/figs/rightangled.jpg>]) (./JEE/Properties-Triangle/mains/3-16/main
.tex
[44] [45]) (./JEE/Properties-Triangle/mcq-multiple/1-10/main.tex [46]
Underfull \hbox (badness 2359) in paragraph at lines 74--77
[]\OT1/txr/m/n/10 In a tri-an-gle $\OML/txmi/m/it/10 XYZ$\OT1/txr/m/n/10 , let 
$\OML/txmi/m/it/10 x; y; z$ \OT1/txr/m/n/10 be the lengths of sides op-po-site 
to an-gles
 []

[47]) (./JEE/Properties-Triangle/mcq-single/1-4/main.tex)
(./JEE/Properties-Triangle/mcq-single/5-19/mcq-single.tex [48]
Underfull \vbox (badness 10000) has occurred while \output is active []

 [49]
<figs/figure.png, id=1220, 238.8925pt x 190.7125pt>
File: figs/figure.png Graphic file (type png)
<use figs/figure.png>
Package pdftex.def Info: figs/figure.png  used on input line 129.
(pdftex.def)             Requested size: 71.13188pt x 56.7835pt.

[50 <./figs/figure.png>]) (./JEE/Properties-Triangle/subjective/1-5/main.tex
[51]) (./JEE/Properties-Triangle/subjective/6-21/main.tex
Underfull \vbox (badness 10000) has occurred while \output is active []

 [52]))
(./chapters/trig/circle.tex [53]
Underfull \vbox (badness 10000) has occurred while \output is active []

 [54]

LaTeX Warning: Command \textendash invalid in math mode on input line 81.


LaTeX Warning: Command \textendash invalid in math mode on input line 81.


LaTeX Warning: Command \textendash invalid in math mode on input line 81.

) (./olympiad/tri.tex [55]
<olympiad/figs/permo.jpg, id=1364, 679.53876pt x 232.87pt>
File: olympiad/figs/permo.jpg Graphic file (type jpg)
<use olympiad/figs/permo.jpg>
Package pdftex.def Info: olympiad/figs/permo.jpg  used on input line 18.
(pdftex.def)             Requested size: 364.1953pt x 124.80629pt.
 [56 <./olympiad/figs/permo.jpg>]
Underfull \vbox (badness 10000) has occurred while \output is active []

 [57]
LaTeX Font Info:    Trying to load font information for OML+txr on input line 8
6.

(/data/data/com.termux/files/usr/share/texlive/2024/texmf-dist/tex/latex/txfont
s/omltxr.fd
File: omltxr.fd 2000/12/15 v3.1
)
LaTeX Font Info:    Font shape `OML/txr/m/n' in size <10> not available
(Font)              Font shape `OML/txmi/m/it' tried instead on input line 86.

Underfull \vbox (badness 10000) has occurred while \output is active []

 [58]
Underfull \vbox (badness 10000) has occurred while \output is active []

 [59]

LaTeX Warning: Command \textless invalid in math mode on input line 130.


LaTeX Warning: Command \textless invalid in math mode on input line 130.


LaTeX Warning: Command \textless invalid in math mode on input line 130.


LaTeX Warning: Command \textless invalid in math mode on input line 130.


LaTeX Warning: Command \textgreater invalid in math mode on input line 132.


LaTeX Warning: Command \textgreater invalid in math mode on input line 132.


LaTeX Warning: Command \textgreater invalid in math mode on input line 133.


LaTeX Warning: Command \textgreater invalid in math mode on input line 133.


LaTeX Warning: Command \textless invalid in math mode on input line 133.


LaTeX Warning: Command \textless invalid in math mode on input line 133.


Underfull \vbox (badness 10000) has occurred while \output is active []

 [60]
Underfull \vbox (badness 10000) has occurred while \output is active []

 [61]
Underfull \vbox (badness 10000) has occurred while \output is active []

 [62]

LaTeX Warning: Command \textgreater invalid in math mode on input line 205.


LaTeX Warning: Command \textgreater invalid in math mode on input line 205.


Underfull \vbox (badness 10000) has occurred while \output is active []

 [63]

LaTeX Warning: Command \textless invalid in math mode on input line 219.


LaTeX Warning: Command \textless invalid in math mode on input line 219.


Underfull \vbox (badness 10000) has occurred while \output is active []

 [64]
Underfull \vbox (badness 10000) has occurred while \output is active []

 [65]
Underfull \vbox (badness 10000) has occurred while \output is active []

 [66]
Underfull \vbox (badness 10000) has occurred while \output is active []

 [67]
Underfull \vbox (badness 10000) has occurred while \output is active []

 [68]
Underfull \vbox (badness 10000) has occurred while \output is active []

 [69]
Underfull \vbox (badness 10000) has occurred while \output is active []

 [70]

LaTeX Warning: Command \textgreater invalid in math mode on input line 392.


LaTeX Warning: Command \textgreater invalid in math mode on input line 392.


LaTeX Warning: Command \textgreater invalid in math mode on input line 392.


LaTeX Warning: Command \textgreater invalid in math mode on input line 392.


Underfull \vbox (badness 10000) has occurred while \output is active []

 [71])
(./ncert/id.tex [72]
Underfull \vbox (badness 10000) has occurred while \output is active []

 [73])
(./cbse/id.tex [74]
Underfull \hbox (badness 10000) in paragraph at lines 33--34

 []


Underfull \vbox (badness 10000) has occurred while \output is active []

 [75]
Underfull \vbox (badness 10000) has occurred while \output is active []

 [76]
Underfull \vbox (badness 10000) has occurred while \output is active []

 [77]
Underfull \vbox (badness 10000) has occurred while \output is active []

 [78]
Underfull \vbox (badness 10000) has occurred while \output is active []

 [79]
Underfull \vbox (badness 10000) has occurred while \output is active []

 [80]
Underfull \hbox (badness 10000) in paragraph at lines 373--375

 []


Underfull \vbox (badness 10000) has occurred while \output is active []

 [81])
(./ncert/eq.tex [82]) (./JEE/zchapters/trigonometric-functions-equations.tex
(./JEE/Trigonometric-Functions-Equations/fitb/1-9/main.tex)
(./JEE/Trigonometric-Functions-Equations/integer/6-7/main.tex)
(./JEE/Trigonometric-Functions-Equations/mains/1-13/main.tex [83] [84])
(./JEE/Trigonometric-Functions-Equations/mains/14-21/14-21.tex
Underfull \hbox (badness 10000) in paragraph at lines 7--8

 []


Underfull \hbox (badness 10000) in paragraph at lines 9--11

 []


Underfull \hbox (badness 10000) in paragraph at lines 19--21

 []


Underfull \hbox (badness 10000) in paragraph at lines 28--30

 []

[85]
Underfull \hbox (badness 10000) in paragraph at lines 38--40

 []


Underfull \hbox (badness 10000) in paragraph at lines 43--44

 []


Underfull \hbox (badness 10000) in paragraph at lines 48--49

 []


Underfull \hbox (badness 10000) in paragraph at lines 50--52

 []


Underfull \hbox (badness 10000) in paragraph at lines 53--54

 []


Underfull \hbox (badness 10000) in paragraph at lines 55--56

 []


Underfull \hbox (badness 10000) in paragraph at lines 57--59

 []


Underfull \hbox (badness 10000) in paragraph at lines 60--62

 []


Underfull \hbox (badness 10000) in paragraph at lines 62--63

 []


Underfull \hbox (badness 10000) in paragraph at lines 63--64

 []


Underfull \hbox (badness 10000) in paragraph at lines 64--65

 []


Underfull \hbox (badness 10000) in paragraph at lines 65--66

 []


Underfull \hbox (badness 10000) in paragraph at lines 67--68

 []


Underfull \hbox (badness 10000) in paragraph at lines 69--71

 []


Underfull \vbox (badness 10000) has occurred while \output is active []

 [86]
Underfull \hbox (badness 10000) in paragraph at lines 72--73

 []


Underfull \hbox (badness 10000) in paragraph at lines 74--75

 []


Underfull \hbox (badness 10000) in paragraph at lines 76--78

 []


Underfull \hbox (badness 10000) in paragraph at lines 79--81

 []


Underfull \hbox (badness 10000) in paragraph at lines 84--85

 []

) (./JEE/Trigonometric-Functions-Equations/mcq-multiple/1-5/main.tex

Package multicol Warning: Using `1' columns doesn't seem a good idea.
 I therefore use two columns instead on input line 15.


Package multicol Warning: Using `1' columns doesn't seem a good idea.
 I therefore use two columns instead on input line 20.


Package multicol Warning: Using `1' columns doesn't seem a good idea.
 I therefore use two columns instead on input line 33.


Package multicol Warning: Using `1' columns doesn't seem a good idea.
 I therefore use two columns instead on input line 38.

[87]

Package multicol Warning: Using `1' columns doesn't seem a good idea.
 I therefore use two columns instead on input line 43.


Package multicol Warning: Using `1' columns doesn't seem a good idea.
 I therefore use two columns instead on input line 50.


Package multicol Warning: Using `1' columns doesn't seem a good idea.
 I therefore use two columns instead on input line 55.


Package multicol Warning: Using `1' columns doesn't seem a good idea.
 I therefore use two columns instead on input line 60.


Package multicol Warning: Using `1' columns doesn't seem a good idea.
 I therefore use two columns instead on input line 72.


Package multicol Warning: Using `1' columns doesn't seem a good idea.
 I therefore use two columns instead on input line 77.


Package multicol Warning: Using `1' columns doesn't seem a good idea.
 I therefore use two columns instead on input line 86.


Package multicol Warning: Using `1' columns doesn't seem a good idea.
 I therefore use two columns instead on input line 91.

) (./JEE/Trigonometric-Functions-Equations/mcq-multiple/6-15/main.tex [88]
Overfull \hbox (34.48985pt too wide) in paragraph at lines 30--33
[]\OT1/txr/m/n/10 For a pos-i-tive in-te-ger $\OML/txmi/m/it/10 n$\OT1/txr/m/n/
10 , let  $\OML/txmi/m/it/10 f[] [] \OT1/txr/m/n/10 = [] [] [] [] [] [] \OML/tx
mi/m/it/10 :$ 
 []


Underfull \vbox (badness 10000) has occurred while \output is active []

 [89])
(./JEE/Trigonometric-Functions-Equations/mcq-single/1-6/main.tex)
(./JEE/Trigonometric-Functions-Equations/mcq-single/20-29/main.tex [90]
[91]) (./JEE/Trigonometric-Functions-Equations/mcq-single/5-19/main.tex
[92]
Underfull \vbox (badness 10000) has occurred while \output is active []

 [93]
Underfull \vbox (badness 10000) has occurred while \output is active []

 [94])
(./JEE/Trigonometric-Functions-Equations/paragraph/1-2/paragraph.tex
Underfull \hbox (badness 10000) in paragraph at lines 9--11

 []


Underfull \hbox (badness 10000) in paragraph at lines 9--11

 []

) (./JEE/Trigonometric-Functions-Equations/subjective/(1-6)/main.tex)
(./JEE/Trigonometric-Functions-Equations/subjective/6-20/main.tex [95]
Underfull \vbox (badness 10000) has occurred while \output is active []

 [96])
(./JEE/Trigonometric-Functions-Equations/true-false/1-2/main.tex))
(./chapters/trig/ineq.tex) (./cbse/appl.tex [97])
(./JEE/zchapters/inverse-trigonometric-functions.tex
(./JEE/Inverse-Trigonometric-Functions/fitb/1-3/main.tex
Underfull \hbox (badness 10000) in paragraph at lines 12--14
[]\OT1/txr/m/n/10 The nu-mer-i-cal value of $[] []$ is equal to []
 []

) (./JEE/Inverse-Trigonometric-Functions/integer/1-2/main.tex)
(./JEE/Inverse-Trigonometric-Functions/mains/1-8/main.tex [98])
(./JEE/Inverse-Trigonometric-Functions/matrix-match/1-3/main.tex
Underfull \hbox (badness 10000) in paragraph at lines 77--79

 []


Underfull \hbox (badness 10000) in paragraph at lines 84--86

 []

[99]
Underfull \hbox (badness 10000) in paragraph at lines 111--113

 []


Underfull \hbox (badness 10000) in paragraph at lines 118--120

 []


Underfull \hbox (badness 10000) in paragraph at lines 120--121
[]$[][]$
 []


Overfull \hbox (3.30533pt too wide) in paragraph at lines 122--123
[]\OT1/txr/m/n/10 If $[] [] [] 2\OML/txmi/m/it/10 x \OT1/txr/m/n/10 + [] \OML/t
xmi/m/it/10 x [] \OT1/txr/m/n/10 2\OML/txmi/m/it/10 x [] x \OT1/txr/m/n/10 =
 []


Underfull \hbox (badness 5970) in paragraph at lines 122--123
[] \OML/txmi/m/it/10 x [] \OT1/txr/m/n/10 2\OML/txmi/m/it/10 x [] x \OT1/txr/m/
n/10 + [] [] [] 2\OML/txmi/m/it/10 x$
 []


Overfull \hbox (29.57672pt too wide) in paragraph at lines 123--124
[]\OT1/txr/m/n/10 If $[] [] = [] [] \OML/txmi/m/it/10 ; x \U/txsyc/m/n/10 ,
 []


Underfull \hbox (badness 10000) in paragraph at lines 126--128

 []


Underfull \hbox (badness 10000) in paragraph at lines 134--144

 []

) (./JEE/Inverse-Trigonometric-Functions/mcq-multiple/1-3/main.tex [100])
(./JEE/Inverse-Trigonometric-Functions/mcq-single/1-7/main.tex [101]
Underfull \hbox (badness 10000) detected at line 95
 []$[]  [][] [][]  $ 
 []

) (./JEE/Inverse-Trigonometric-Functions/subjective/1-2/main.tex [102])
(./JEE/Inverse-Trigonometric-Functions/subjective/3/main.tex)) [103]
(./main.aux)
 ***********
LaTeX2e <2023-11-01> patch level 1
L3 programming layer <2020/03/25>
 ***********
Package rerunfilecheck Info: File `main.out' has not changed.
(rerunfilecheck)             Checksum: A5D8D13F807FB9A36957C92163854A4C;2956.
 ) 
Here is how much of TeX's memory you used:
 56105 strings out of 474104
 1328333 string characters out of 5729886
 1961493 words of memory out of 5000000
 75615 multiletter control sequences out of 15000+600000
 629646 words of font info for 179 fonts, out of 8000000 for 9000
 1144 hyphenation exceptions out of 8191
 109i,16n,149p,1194b,1482s stack positions out of 10000i,1000n,20000p,200000b,200000s
</data/data/com.termux/files/usr/share/texlive/2024/texmf-dist/fonts/type1/pu
blic/txfonts/rtxi.pfb></data/data/com.termux/files/usr/share/texlive/2024/texmf
-dist/fonts/type1/public/txfonts/rtxmi.pfb></data/data/com.termux/files/usr/sha
re/texlive/2024/texmf-dist/fonts/type1/public/txfonts/rtxr.pfb></data/data/com.
termux/files/usr/share/texlive/2024/texmf-dist/fonts/type1/public/txfonts/rtxsc
.pfb></data/data/com.termux/files/usr/share/texlive/2024/texmf-dist/fonts/type1
/public/txfonts/txex.pfb></data/data/com.termux/files/usr/share/texlive/2024/te
xmf-dist/fonts/type1/public/txfonts/txsy.pfb></data/data/com.termux/files/usr/s
hare/texlive/2024/texmf-dist/fonts/type1/public/txfonts/txsya.pfb></data/data/c
om.termux/files/usr/share/texlive/2024/texmf-dist/fonts/type1/public/txfonts/tx
syc.pfb></data/data/com.termux/files/usr/share/texlive/2024/texmf-dist/fonts/ty
pe1/urw/times/utmb8a.pfb></data/data/com.termux/files/usr/share/texlive/2024/te
xmf-dist/fonts/type1/urw/times/utmr8a.pfb></data/data/com.termux/files/usr/shar
e/texlive/2024/texmf-dist/fonts/type1/urw/times/utmri8a.pfb>
Output written on main.pdf (103 pages, 1064251 bytes).
PDF statistics:
 2962 PDF objects out of 2984 (max. 8388607)
 2740 compressed objects within 28 object streams
 1847 named destinations out of 2073 (max. 500000)
 406 words of extra memory for PDF output out of 10000 (max. 10000000)

