\BOOKMARK [0][-]{chapter*.2}{\376\377\000I\000n\000t\000r\000o\000d\000u\000c\000t\000i\000o\000n}{}% 1
\BOOKMARK [0][-]{chapter.1}{\376\377\000V\000e\000c\000t\000o\000r\000s}{}% 2
\BOOKMARK [1][-]{section.1.1}{\376\377\0002\0000\0002\0000}{chapter.1}% 3
\BOOKMARK [2][-]{subsection.1.1.1}{\376\377\0001\0000}{section.1.1}% 4
\BOOKMARK [2][-]{subsection.1.1.2}{\376\377\0001\0002}{section.1.1}% 5
\BOOKMARK [1][-]{section.1.2}{\376\377\0002\0000\0002\0003}{chapter.1}% 6
\BOOKMARK [2][-]{subsection.1.2.1}{\376\377\0001\0000}{section.1.2}% 7
\BOOKMARK [2][-]{subsection.1.2.2}{\376\377\0001\0002}{section.1.2}% 8
\BOOKMARK [1][-]{section.1.3}{\376\377\0002\0000\0002\0002}{chapter.1}% 9
\BOOKMARK [2][-]{subsection.1.3.1}{\376\377\0001\0000}{section.1.3}% 10
\BOOKMARK [2][-]{subsection.1.3.2}{\376\377\0001\0002}{section.1.3}% 11
\BOOKMARK [1][-]{section.1.4}{\376\377\0002\0000\0002\0001}{chapter.1}% 12
\BOOKMARK [2][-]{subsection.1.4.1}{\376\377\0001\0000}{section.1.4}% 13
\BOOKMARK [2][-]{subsection.1.4.2}{\376\377\0001\0002}{section.1.4}% 14
\BOOKMARK [1][-]{section.1.5}{\376\377\0002\0000\0001\0009}{chapter.1}% 15
\BOOKMARK [2][-]{subsection.1.5.1}{\376\377\0001\0002}{section.1.5}% 16
\BOOKMARK [1][-]{section.1.6}{\376\377\0002\0000\0001\0009}{chapter.1}% 17
\BOOKMARK [2][-]{subsection.1.6.1}{\376\377\0001\0000}{section.1.6}% 18
\BOOKMARK [1][-]{section.1.7}{\376\377\0002\0000\0001\0008}{chapter.1}% 19
\BOOKMARK [2][-]{subsection.1.7.1}{\376\377\0001\0000}{section.1.7}% 20
\BOOKMARK [1][-]{section.1.8}{\376\377\000C\000o\000n\000s\000t\000r\000u\000c\000t\000i\000o\000n}{chapter.1}% 21
\BOOKMARK [2][-]{subsection.1.8.1}{\376\377\0001\0002}{section.1.8}% 22
\BOOKMARK [1][-]{section.1.9}{\376\377\0002\0000\0001\0007}{chapter.1}% 23
\BOOKMARK [2][-]{subsection.1.9.1}{\376\377\0001\0000}{section.1.9}% 24
\BOOKMARK [2][-]{subsection.1.9.2}{\376\377\0001\0002}{section.1.9}% 25
\BOOKMARK [1][-]{section.1.10}{\376\377\0002\0000\0001\0006}{chapter.1}% 26
\BOOKMARK [2][-]{subsection.1.10.1}{\376\377\0001\0000}{section.1.10}% 27
\BOOKMARK [2][-]{subsection.1.10.2}{\376\377\0001\0002}{section.1.10}% 28
\BOOKMARK [1][-]{section.1.11}{\376\377\0002\0000\0001\0005}{chapter.1}% 29
\BOOKMARK [2][-]{subsection.1.11.1}{\376\377\0001\0000}{section.1.11}% 30
\BOOKMARK [2][-]{subsection.1.11.2}{\376\377\0001\0002}{section.1.11}% 31
\BOOKMARK [1][-]{section.1.12}{\376\377\0002\0000\0001\0002}{chapter.1}% 32
\BOOKMARK [2][-]{subsection.1.12.1}{\376\377\0001\0000}{section.1.12}% 33
\BOOKMARK [1][-]{section.1.13}{\376\377\0002\0000\0001\0000}{chapter.1}% 34
\BOOKMARK [2][-]{subsection.1.13.1}{\376\377\0001\0002}{section.1.13}% 35
\BOOKMARK [0][-]{chapter.2}{\376\377\000L\000i\000n\000e\000a\000r\000\040\000F\000o\000r\000m\000s}{}% 36
\BOOKMARK [1][-]{section.2.1}{\376\377\0002\0000\0002\0003}{chapter.2}% 37
\BOOKMARK [2][-]{subsection.2.1.1}{\376\377\0001\0000}{section.2.1}% 38
\BOOKMARK [2][-]{subsection.2.1.2}{\376\377\0001\0002}{section.2.1}% 39
\BOOKMARK [1][-]{section.2.2}{\376\377\0002\0000\0002\0002}{chapter.2}% 40
\BOOKMARK [2][-]{subsection.2.2.1}{\376\377\0001\0000}{section.2.2}% 41
\BOOKMARK [2][-]{subsection.2.2.2}{\376\377\0001\0002}{section.2.2}% 42
\BOOKMARK [1][-]{section.2.3}{\376\377\0002\0000\0002\0001}{chapter.2}% 43
\BOOKMARK [2][-]{subsection.2.3.1}{\376\377\0001\0000}{section.2.3}% 44
\BOOKMARK [2][-]{subsection.2.3.2}{\376\377\0001\0002}{section.2.3}% 45
\BOOKMARK [1][-]{section.2.4}{\376\377\0002\0000\0001\0009}{chapter.2}% 46
\BOOKMARK [2][-]{subsection.2.4.1}{\376\377\0001\0002}{section.2.4}% 47
\BOOKMARK [2][-]{subsection.2.4.2}{\376\377\0001\0000}{section.2.4}% 48
\BOOKMARK [1][-]{section.2.5}{\376\377\0002\0000\0001\0008}{chapter.2}% 49
\BOOKMARK [2][-]{subsection.2.5.1}{\376\377\0001\0002}{section.2.5}% 50
\BOOKMARK [1][-]{section.2.6}{\376\377\0002\0000\0001\0007}{chapter.2}% 51
\BOOKMARK [2][-]{subsection.2.6.1}{\376\377\0001\0000}{section.2.6}% 52
\BOOKMARK [2][-]{subsection.2.6.2}{\376\377\0001\0002}{section.2.6}% 53
\BOOKMARK [1][-]{section.2.7}{\376\377\0002\0000\0001\0006}{chapter.2}% 54
\BOOKMARK [2][-]{subsection.2.7.1}{\376\377\0001\0002}{section.2.7}% 55
\BOOKMARK [1][-]{section.2.8}{\376\377\0002\0000\0001\0005}{chapter.2}% 56
\BOOKMARK [2][-]{subsection.2.8.1}{\376\377\0001\0002}{section.2.8}% 57
\BOOKMARK [1][-]{section.2.9}{\376\377\0002\0000\0001\0001}{chapter.2}% 58
\BOOKMARK [2][-]{subsection.2.9.1}{\376\377\0001\0000}{section.2.9}% 59
\BOOKMARK [0][-]{chapter.3}{\376\377\000C\000i\000r\000c\000l\000e\000s}{}% 60
\BOOKMARK [1][-]{section.3.1}{\376\377\0002\0000\0002\0003}{chapter.3}% 61
\BOOKMARK [2][-]{subsection.3.1.1}{\376\377\0001\0000}{section.3.1}% 62
\BOOKMARK [1][-]{section.3.2}{\376\377\0002\0000\0002\0002}{chapter.3}% 63
\BOOKMARK [2][-]{subsection.3.2.1}{\376\377\0001\0002}{section.3.2}% 64
\BOOKMARK [2][-]{subsection.3.2.2}{\376\377\0001\0000}{section.3.2}% 65
\BOOKMARK [1][-]{section.3.3}{\376\377\0002\0000\0002\0001}{chapter.3}% 66
\BOOKMARK [2][-]{subsection.3.3.1}{\376\377\0001\0000}{section.3.3}% 67
\BOOKMARK [1][-]{section.3.4}{\376\377\0002\0000\0002\0000}{chapter.3}% 68
\BOOKMARK [2][-]{subsection.3.4.1}{\376\377\0001\0000}{section.3.4}% 69
\BOOKMARK [1][-]{section.3.5}{\376\377\0002\0000\0001\0009}{chapter.3}% 70
\BOOKMARK [2][-]{subsection.3.5.1}{\376\377\0001\0000}{section.3.5}% 71
\BOOKMARK [1][-]{section.3.6}{\376\377\0002\0000\0001\0008}{chapter.3}% 72
\BOOKMARK [2][-]{subsection.3.6.1}{\376\377\0001\0000}{section.3.6}% 73
\BOOKMARK [2][-]{subsection.3.6.2}{\376\377\0001\0002}{section.3.6}% 74
\BOOKMARK [1][-]{section.3.7}{\376\377\0002\0000\0001\0007}{chapter.3}% 75
\BOOKMARK [2][-]{subsection.3.7.1}{\376\377\0001\0000}{section.3.7}% 76
\BOOKMARK [1][-]{section.3.8}{\376\377\0002\0000\0001\0006}{chapter.3}% 77
\BOOKMARK [2][-]{subsection.3.8.1}{\376\377\0001\0000}{section.3.8}% 78
\BOOKMARK [2][-]{subsection.3.8.2}{\376\377\0001\0002}{section.3.8}% 79
\BOOKMARK [1][-]{section.3.9}{\376\377\0002\0000\0001\0005}{chapter.3}% 80
\BOOKMARK [2][-]{subsection.3.9.1}{\376\377\0001\0000}{section.3.9}% 81
\BOOKMARK [1][-]{section.3.10}{\376\377\0002\0000\0001\0002}{chapter.3}% 82
\BOOKMARK [2][-]{subsection.3.10.1}{\376\377\0001\0000}{section.3.10}% 83
\BOOKMARK [1][-]{section.3.11}{\376\377\0002\0000\0001\0001}{chapter.3}% 84
\BOOKMARK [2][-]{subsection.3.11.1}{\376\377\0001\0000}{section.3.11}% 85
\BOOKMARK [0][-]{chapter.4}{\376\377\000I\000n\000t\000e\000r\000s\000e\000c\000t\000i\000o\000n\000\040\000o\000f\000\040\000C\000o\000n\000i\000c\000s}{}% 86
\BOOKMARK [1][-]{section.4.1}{\376\377\0002\0000\0002\0002}{chapter.4}% 87
\BOOKMARK [1][-]{section.4.2}{\376\377\0002\0000\0002\0001}{chapter.4}% 88
\BOOKMARK [2][-]{subsection.4.2.1}{\376\377\0001\0002}{section.4.2}% 89
\BOOKMARK [1][-]{section.4.3}{\376\377\0002\0000\0001\0009}{chapter.4}% 90
\BOOKMARK [2][-]{subsection.4.3.1}{\376\377\0001\0002}{section.4.3}% 91
\BOOKMARK [1][-]{section.4.4}{\376\377\0002\0000\0001\0008}{chapter.4}% 92
\BOOKMARK [2][-]{subsection.4.4.1}{\376\377\0001\0002}{section.4.4}% 93
\BOOKMARK [0][-]{chapter.5}{\376\377\000P\000r\000o\000b\000a\000b\000i\000l\000i\000t\000y}{}% 94
\BOOKMARK [1][-]{section.5.1}{\376\377\0002\0000\0002\0001}{chapter.5}% 95
\BOOKMARK [2][-]{subsection.5.1.1}{\376\377\0001\0000}{section.5.1}% 96
\BOOKMARK [2][-]{subsection.5.1.2}{\376\377\0001\0002}{section.5.1}% 97
\BOOKMARK [1][-]{section.5.2}{\376\377\0002\0000\0002\0003}{chapter.5}% 98
\BOOKMARK [2][-]{subsection.5.2.1}{\376\377\0001\0000}{section.5.2}% 99
\BOOKMARK [2][-]{subsection.5.2.2}{\376\377\0001\0002}{section.5.2}% 100
\BOOKMARK [1][-]{section.5.3}{\376\377\0002\0000\0002\0002}{chapter.5}% 101
\BOOKMARK [2][-]{subsection.5.3.1}{\376\377\0001\0000}{section.5.3}% 102
\BOOKMARK [1][-]{section.5.4}{\376\377\0002\0000\0002\0002}{chapter.5}% 103
\BOOKMARK [2][-]{subsection.5.4.1}{\376\377\0001\0002}{section.5.4}% 104
\BOOKMARK [1][-]{section.5.5}{\376\377\0002\0000\0002\0000}{chapter.5}% 105
\BOOKMARK [2][-]{subsection.5.5.1}{\376\377\0001\0000}{section.5.5}% 106
\BOOKMARK [2][-]{subsection.5.5.2}{\376\377\0001\0002}{section.5.5}% 107
\BOOKMARK [1][-]{section.5.6}{\376\377\0002\0000\0001\0009}{chapter.5}% 108
\BOOKMARK [2][-]{subsection.5.6.1}{\376\377\0001\0002}{section.5.6}% 109
\BOOKMARK [1][-]{section.5.7}{\376\377\0002\0000\0001\0009}{chapter.5}% 110
\BOOKMARK [2][-]{subsection.5.7.1}{\376\377\0001\0000}{section.5.7}% 111
\BOOKMARK [1][-]{section.5.8}{\376\377\0002\0000\0001\0008}{chapter.5}% 112
\BOOKMARK [2][-]{subsection.5.8.1}{\376\377\0001\0000}{section.5.8}% 113
\BOOKMARK [2][-]{subsection.5.8.2}{\376\377\0001\0002}{section.5.8}% 114
\BOOKMARK [1][-]{section.5.9}{\376\377\0002\0000\0001\0007}{chapter.5}% 115
\BOOKMARK [2][-]{subsection.5.9.1}{\376\377\0001\0000}{section.5.9}% 116
\BOOKMARK [2][-]{subsection.5.9.2}{\376\377\0001\0002}{section.5.9}% 117
\BOOKMARK [1][-]{section.5.10}{\376\377\0002\0000\0001\0006}{chapter.5}% 118
\BOOKMARK [2][-]{subsection.5.10.1}{\376\377\0001\0000}{section.5.10}% 119
\BOOKMARK [2][-]{subsection.5.10.2}{\376\377\0001\0002}{section.5.10}% 120
\BOOKMARK [1][-]{section.5.11}{\376\377\0002\0000\0001\0005}{chapter.5}% 121
\BOOKMARK [2][-]{subsection.5.11.1}{\376\377\0001\0000}{section.5.11}% 122
\BOOKMARK [2][-]{subsection.5.11.2}{\376\377\0001\0002}{section.5.11}% 123
\BOOKMARK [1][-]{section.5.12}{\376\377\0002\0000\0001\0002}{chapter.5}% 124
\BOOKMARK [2][-]{subsection.5.12.1}{\376\377\0001\0000}{section.5.12}% 125
\BOOKMARK [1][-]{section.5.13}{\376\377\0002\0000\0001\0001}{chapter.5}% 126
\BOOKMARK [2][-]{subsection.5.13.1}{\376\377\0001\0000}{section.5.13}% 127
\BOOKMARK [1][-]{section.5.14}{\376\377\0002\0000\0001\0000}{chapter.5}% 128
\BOOKMARK [2][-]{subsection.5.14.1}{\376\377\0001\0002}{section.5.14}% 129
\BOOKMARK [0][-]{chapter.6}{\376\377\000C\000o\000n\000s\000t\000r\000u\000c\000t\000i\000o\000n}{}% 130
\BOOKMARK [1][-]{section.6.1}{\376\377\0002\0000\0002\0003}{chapter.6}% 131
\BOOKMARK [2][-]{subsection.6.1.1}{\376\377\0001\0000}{section.6.1}% 132
\BOOKMARK [1][-]{section.6.2}{\376\377\0002\0000\0002\0002}{chapter.6}% 133
\BOOKMARK [2][-]{subsection.6.2.1}{\376\377\0001\0000}{section.6.2}% 134
\BOOKMARK [1][-]{section.6.3}{\376\377\0002\0000\0002\0001}{chapter.6}% 135
\BOOKMARK [2][-]{subsection.6.3.1}{\376\377\0001\0000}{section.6.3}% 136
\BOOKMARK [1][-]{section.6.4}{\376\377\0002\0000\0002\0000}{chapter.6}% 137
\BOOKMARK [2][-]{subsection.6.4.1}{\376\377\0001\0000}{section.6.4}% 138
\BOOKMARK [1][-]{section.6.5}{\376\377\0002\0000\0001\0009}{chapter.6}% 139
\BOOKMARK [2][-]{subsection.6.5.1}{\376\377\0001\0000}{section.6.5}% 140
\BOOKMARK [1][-]{section.6.6}{\376\377\0002\0000\0001\0008}{chapter.6}% 141
\BOOKMARK [2][-]{subsection.6.6.1}{\376\377\0001\0000}{section.6.6}% 142
\BOOKMARK [1][-]{section.6.7}{\376\377\0002\0000\0001\0007}{chapter.6}% 143
\BOOKMARK [2][-]{subsection.6.7.1}{\376\377\0001\0000}{section.6.7}% 144
\BOOKMARK [1][-]{section.6.8}{\376\377\0002\0000\0001\0006}{chapter.6}% 145
\BOOKMARK [2][-]{subsection.6.8.1}{\376\377\0001\0000}{section.6.8}% 146
\BOOKMARK [1][-]{section.6.9}{\376\377\0002\0000\0001\0005}{chapter.6}% 147
\BOOKMARK [2][-]{subsection.6.9.1}{\376\377\0001\0000}{section.6.9}% 148
\BOOKMARK [1][-]{section.6.10}{\376\377\0002\0000\0001\0002}{chapter.6}% 149
\BOOKMARK [2][-]{subsection.6.10.1}{\376\377\0001\0000}{section.6.10}% 150
\BOOKMARK [1][-]{section.6.11}{\376\377\0002\0000\0001\0001}{chapter.6}% 151
\BOOKMARK [2][-]{subsection.6.11.1}{\376\377\0001\0000}{section.6.11}% 152
\BOOKMARK [0][-]{chapter.7}{\376\377\000O\000p\000t\000i\000m\000i\000z\000a\000t\000i\000o\000n}{}% 153
\BOOKMARK [1][-]{section.7.1}{\376\377\0002\0000\0002\0003}{chapter.7}% 154
\BOOKMARK [1][-]{section.7.2}{\376\377\0002\0000\0002\0001}{chapter.7}% 155
\BOOKMARK [2][-]{subsection.7.2.1}{\376\377\0001\0002}{section.7.2}% 156
\BOOKMARK [1][-]{section.7.3}{\376\377\0002\0000\0002\0002}{chapter.7}% 157
\BOOKMARK [2][-]{subsection.7.3.1}{\376\377\0001\0002}{section.7.3}% 158
\BOOKMARK [1][-]{section.7.4}{\376\377\0002\0000\0002\0000}{chapter.7}% 159
\BOOKMARK [2][-]{subsection.7.4.1}{\376\377\0001\0002}{section.7.4}% 160
\BOOKMARK [1][-]{section.7.5}{\376\377\0002\0000\0001\0009}{chapter.7}% 161
\BOOKMARK [2][-]{subsection.7.5.1}{\376\377\0001\0002}{section.7.5}% 162
\BOOKMARK [1][-]{section.7.6}{\376\377\0002\0000\0001\0008}{chapter.7}% 163
\BOOKMARK [2][-]{subsection.7.6.1}{\376\377\0001\0000}{section.7.6}% 164
\BOOKMARK [2][-]{subsection.7.6.2}{\376\377\0001\0002}{section.7.6}% 165
\BOOKMARK [1][-]{section.7.7}{\376\377\0002\0000\0001\0007}{chapter.7}% 166
\BOOKMARK [2][-]{subsection.7.7.1}{\376\377\0001\0000}{section.7.7}% 167
\BOOKMARK [2][-]{subsection.7.7.2}{\376\377\0001\0002}{section.7.7}% 168
\BOOKMARK [1][-]{section.7.8}{\376\377\0002\0000\0001\0006}{chapter.7}% 169
\BOOKMARK [2][-]{subsection.7.8.1}{\376\377\0001\0002}{section.7.8}% 170
\BOOKMARK [1][-]{section.7.9}{\376\377\0002\0000\0001\0005}{chapter.7}% 171
\BOOKMARK [2][-]{subsection.7.9.1}{\376\377\0001\0002}{section.7.9}% 172
\BOOKMARK [1][-]{section.7.10}{\376\377\0002\0000\0001\0000}{chapter.7}% 173
\BOOKMARK [2][-]{subsection.7.10.1}{\376\377\0001\0002}{section.7.10}% 174
\BOOKMARK [0][-]{chapter.8}{\376\377\000A\000l\000g\000e\000b\000r\000a}{}% 175
\BOOKMARK [1][-]{section.8.1}{\376\377\0002\0000\0002\0000}{chapter.8}% 176
\BOOKMARK [2][-]{subsection.8.1.1}{\376\377\0001\0000}{section.8.1}% 177
\BOOKMARK [1][-]{section.8.2}{\376\377\0002\0000\0002\0000}{chapter.8}% 178
\BOOKMARK [2][-]{subsection.8.2.1}{\376\377\0001\0002}{section.8.2}% 179
\BOOKMARK [1][-]{section.8.3}{\376\377\0002\0000\0002\0003}{chapter.8}% 180
\BOOKMARK [2][-]{subsection.8.3.1}{\376\377\0001\0000}{section.8.3}% 181
\BOOKMARK [1][-]{section.8.4}{\376\377\0002\0000\0002\0002}{chapter.8}% 182
\BOOKMARK [2][-]{subsection.8.4.1}{\376\377\0001\0000}{section.8.4}% 183
\BOOKMARK [1][-]{section.8.5}{\376\377\0002\0000\0002\0001}{chapter.8}% 184
\BOOKMARK [2][-]{subsection.8.5.1}{\376\377\0001\0000}{section.8.5}% 185
\BOOKMARK [1][-]{section.8.6}{\376\377\0002\0000\0002\0001}{chapter.8}% 186
\BOOKMARK [2][-]{subsection.8.6.1}{\376\377\0001\0002}{section.8.6}% 187
\BOOKMARK [1][-]{section.8.7}{\376\377\0002\0000\0001\0009}{chapter.8}% 188
\BOOKMARK [2][-]{subsection.8.7.1}{\376\377\0001\0002}{section.8.7}% 189
\BOOKMARK [1][-]{section.8.8}{\376\377\0002\0000\0001\0009}{chapter.8}% 190
\BOOKMARK [2][-]{subsection.8.8.1}{\376\377\0001\0000}{section.8.8}% 191
\BOOKMARK [1][-]{section.8.9}{\376\377\0002\0000\0001\0008}{chapter.8}% 192
\BOOKMARK [2][-]{subsection.8.9.1}{\376\377\0001\0000}{section.8.9}% 193
\BOOKMARK [1][-]{section.8.10}{\376\377\000D\000i\000s\000c\000r\000e\000t\000e}{chapter.8}% 194
\BOOKMARK [2][-]{subsection.8.10.1}{\376\377\0001\0002}{section.8.10}% 195
\BOOKMARK [1][-]{section.8.11}{\376\377\0002\0000\0001\0007}{chapter.8}% 196
\BOOKMARK [2][-]{subsection.8.11.1}{\376\377\0001\0000}{section.8.11}% 197
\BOOKMARK [2][-]{subsection.8.11.2}{\376\377\0001\0002}{section.8.11}% 198
\BOOKMARK [1][-]{section.8.12}{\376\377\0002\0000\0001\0006}{chapter.8}% 199
\BOOKMARK [2][-]{subsection.8.12.1}{\376\377\0001\0000}{section.8.12}% 200
\BOOKMARK [2][-]{subsection.8.12.2}{\376\377\0001\0002}{section.8.12}% 201
\BOOKMARK [1][-]{section.8.13}{\376\377\0002\0000\0001\0005}{chapter.8}% 202
\BOOKMARK [2][-]{subsection.8.13.1}{\376\377\0001\0000}{section.8.13}% 203
\BOOKMARK [2][-]{subsection.8.13.2}{\376\377\0001\0002}{section.8.13}% 204
\BOOKMARK [1][-]{section.8.14}{\376\377\0002\0000\0001\0002}{chapter.8}% 205
\BOOKMARK [2][-]{subsection.8.14.1}{\376\377\0001\0000}{section.8.14}% 206
\BOOKMARK [1][-]{section.8.15}{\376\377\0002\0000\0001\0001}{chapter.8}% 207
\BOOKMARK [2][-]{subsection.8.15.1}{\376\377\0001\0000}{section.8.15}% 208
\BOOKMARK [0][-]{chapter.9}{\376\377\000G\000e\000o\000m\000e\000t\000r\000y}{}% 209
\BOOKMARK [1][-]{section.9.1}{\376\377\0002\0000\0002\0003}{chapter.9}% 210
\BOOKMARK [2][-]{subsection.9.1.1}{\376\377\0001\0000}{section.9.1}% 211
\BOOKMARK [1][-]{section.9.2}{\376\377\0002\0000\0002\0002}{chapter.9}% 212
\BOOKMARK [2][-]{subsection.9.2.1}{\376\377\0001\0000}{section.9.2}% 213
\BOOKMARK [1][-]{section.9.3}{\376\377\0002\0000\0002\0001}{chapter.9}% 214
\BOOKMARK [2][-]{subsection.9.3.1}{\376\377\0001\0000}{section.9.3}% 215
\BOOKMARK [1][-]{section.9.4}{\376\377\0002\0000\0002\0000}{chapter.9}% 216
\BOOKMARK [2][-]{subsection.9.4.1}{\376\377\0001\0000}{section.9.4}% 217
\BOOKMARK [1][-]{section.9.5}{\376\377\0002\0000\0001\0009}{chapter.9}% 218
\BOOKMARK [2][-]{subsection.9.5.1}{\376\377\0001\0000}{section.9.5}% 219
\BOOKMARK [1][-]{section.9.6}{\376\377\0002\0000\0001\0008}{chapter.9}% 220
\BOOKMARK [2][-]{subsection.9.6.1}{\376\377\0001\0000}{section.9.6}% 221
\BOOKMARK [2][-]{subsection.9.6.2}{\376\377\0001\0002}{section.9.6}% 222
\BOOKMARK [1][-]{section.9.7}{\376\377\0002\0000\0001\0007}{chapter.9}% 223
\BOOKMARK [2][-]{subsection.9.7.1}{\376\377\0001\0000}{section.9.7}% 224
\BOOKMARK [2][-]{subsection.9.7.2}{\376\377\0001\0002}{section.9.7}% 225
\BOOKMARK [1][-]{section.9.8}{\376\377\0002\0000\0001\0006}{chapter.9}% 226
\BOOKMARK [2][-]{subsection.9.8.1}{\376\377\0001\0000}{section.9.8}% 227
\BOOKMARK [2][-]{subsection.9.8.2}{\376\377\0001\0002}{section.9.8}% 228
\BOOKMARK [1][-]{section.9.9}{\376\377\0002\0000\0001\0005}{chapter.9}% 229
\BOOKMARK [2][-]{subsection.9.9.1}{\376\377\0001\0000}{section.9.9}% 230
\BOOKMARK [1][-]{section.9.10}{\376\377\0002\0000\0001\0002}{chapter.9}% 231
\BOOKMARK [2][-]{subsection.9.10.1}{\376\377\0001\0000}{section.9.10}% 232
\BOOKMARK [1][-]{section.9.11}{\376\377\0002\0000\0001\0001}{chapter.9}% 233
\BOOKMARK [2][-]{subsection.9.11.1}{\376\377\0001\0000}{section.9.11}% 234
\BOOKMARK [1][-]{section.9.12}{\376\377\0002\0000\0001\0000}{chapter.9}% 235
\BOOKMARK [2][-]{subsection.9.12.1}{\376\377\0001\0002}{section.9.12}% 236
\BOOKMARK [0][-]{chapter.10}{\376\377\000D\000i\000s\000c\000r\000e\000t\000e}{}% 237
\BOOKMARK [1][-]{section.10.1}{\376\377\0002\0000\0002\0002}{chapter.10}% 238
\BOOKMARK [2][-]{subsection.10.1.1}{\376\377\0001\0000}{section.10.1}% 239
\BOOKMARK [1][-]{section.10.2}{\376\377\0002\0000\0002\0003}{chapter.10}% 240
\BOOKMARK [2][-]{subsection.10.2.1}{\376\377\0001\0000}{section.10.2}% 241
\BOOKMARK [1][-]{section.10.3}{\376\377\0002\0000\0002\0001}{chapter.10}% 242
\BOOKMARK [2][-]{subsection.10.3.1}{\376\377\0001\0000}{section.10.3}% 243
\BOOKMARK [1][-]{section.10.4}{\376\377\0002\0000\0002\0000}{chapter.10}% 244
\BOOKMARK [2][-]{subsection.10.4.1}{\376\377\0001\0000}{section.10.4}% 245
\BOOKMARK [1][-]{section.10.5}{\376\377\0002\0000\0001\0009}{chapter.10}% 246
\BOOKMARK [2][-]{subsection.10.5.1}{\376\377\0001\0000}{section.10.5}% 247
\BOOKMARK [1][-]{section.10.6}{\376\377\0002\0000\0001\0008}{chapter.10}% 248
\BOOKMARK [2][-]{subsection.10.6.1}{\376\377\0001\0000}{section.10.6}% 249
\BOOKMARK [2][-]{subsection.10.6.2}{\376\377\0001\0002}{section.10.6}% 250
\BOOKMARK [1][-]{section.10.7}{\376\377\0002\0000\0001\0007}{chapter.10}% 251
\BOOKMARK [2][-]{subsection.10.7.1}{\376\377\0001\0000}{section.10.7}% 252
\BOOKMARK [1][-]{section.10.8}{\376\377\0002\0000\0001\0006}{chapter.10}% 253
\BOOKMARK [2][-]{subsection.10.8.1}{\376\377\0001\0000}{section.10.8}% 254
\BOOKMARK [1][-]{section.10.9}{\376\377\0002\0000\0001\0005}{chapter.10}% 255
\BOOKMARK [2][-]{subsection.10.9.1}{\376\377\0001\0000}{section.10.9}% 256
\BOOKMARK [1][-]{section.10.10}{\376\377\0002\0000\0001\0002}{chapter.10}% 257
\BOOKMARK [2][-]{subsection.10.10.1}{\376\377\0001\0000}{section.10.10}% 258
\BOOKMARK [1][-]{section.10.11}{\376\377\0002\0000\0001\0001}{chapter.10}% 259
\BOOKMARK [2][-]{subsection.10.11.1}{\376\377\0001\0000}{section.10.11}% 260
\BOOKMARK [0][-]{chapter.11}{\376\377\000N\000u\000m\000b\000e\000r\000\040\000S\000y\000s\000t\000e\000m\000s}{}% 261
\BOOKMARK [1][-]{section.11.1}{\376\377\0002\0000\0001\0009}{chapter.11}% 262
\BOOKMARK [2][-]{subsection.11.1.1}{\376\377\0001\0000}{section.11.1}% 263
\BOOKMARK [1][-]{section.11.2}{\376\377\0002\0000\0001\0008}{chapter.11}% 264
\BOOKMARK [2][-]{subsection.11.2.1}{\376\377\0001\0000}{section.11.2}% 265
\BOOKMARK [1][-]{section.11.3}{\376\377\0002\0000\0001\0002}{chapter.11}% 266
\BOOKMARK [2][-]{subsection.11.3.1}{\376\377\0001\0000}{section.11.3}% 267
\BOOKMARK [1][-]{section.11.4}{\376\377\0002\0000\0001\0001}{chapter.11}% 268
\BOOKMARK [2][-]{subsection.11.4.1}{\376\377\0001\0000}{section.11.4}% 269
\BOOKMARK [0][-]{chapter.12}{\376\377\000D\000i\000f\000f\000e\000r\000e\000n\000t\000i\000a\000t\000i\000o\000n}{}% 270
\BOOKMARK [1][-]{section.12.1}{\376\377\0002\0000\0002\0003}{chapter.12}% 271
\BOOKMARK [2][-]{subsection.12.1.1}{\376\377\0001\0002}{section.12.1}% 272
\BOOKMARK [1][-]{section.12.2}{\376\377\0002\0000\0002\0002}{chapter.12}% 273
\BOOKMARK [2][-]{subsection.12.2.1}{\376\377\0001\0002}{section.12.2}% 274
\BOOKMARK [1][-]{section.12.3}{\376\377\0002\0000\0002\0001}{chapter.12}% 275
\BOOKMARK [2][-]{subsection.12.3.1}{\376\377\0001\0000}{section.12.3}% 276
\BOOKMARK [1][-]{section.12.4}{\376\377\0002\0000\0002\0001}{chapter.12}% 277
\BOOKMARK [2][-]{subsection.12.4.1}{\376\377\0001\0002}{section.12.4}% 278
\BOOKMARK [1][-]{section.12.5}{\376\377\0002\0000\0002\0001}{chapter.12}% 279
\BOOKMARK [2][-]{subsection.12.5.1}{\376\377\0001\0002}{section.12.5}% 280
\BOOKMARK [1][-]{section.12.6}{\376\377\0002\0000\0002\0000}{chapter.12}% 281
\BOOKMARK [2][-]{subsection.12.6.1}{\376\377\0001\0002}{section.12.6}% 282
\BOOKMARK [1][-]{section.12.7}{\376\377\0002\0000\0001\0009}{chapter.12}% 283
\BOOKMARK [2][-]{subsection.12.7.1}{\376\377\0001\0002}{section.12.7}% 284
\BOOKMARK [1][-]{section.12.8}{\376\377\0002\0000\0001\0008}{chapter.12}% 285
\BOOKMARK [2][-]{subsection.12.8.1}{\376\377\0001\0002}{section.12.8}% 286
\BOOKMARK [1][-]{section.12.9}{\376\377\0002\0000\0001\0007}{chapter.12}% 287
\BOOKMARK [2][-]{subsection.12.9.1}{\376\377\0001\0000}{section.12.9}% 288
\BOOKMARK [2][-]{subsection.12.9.2}{\376\377\0001\0002}{section.12.9}% 289
\BOOKMARK [1][-]{section.12.10}{\376\377\0002\0000\0001\0006}{chapter.12}% 290
\BOOKMARK [2][-]{subsection.12.10.1}{\376\377\0001\0002}{section.12.10}% 291
\BOOKMARK [1][-]{section.12.11}{\376\377\0002\0000\0001\0005}{chapter.12}% 292
\BOOKMARK [2][-]{subsection.12.11.1}{\376\377\0001\0002}{section.12.11}% 293
\BOOKMARK [1][-]{section.12.12}{\376\377\0002\0000\0001\0000}{chapter.12}% 294
\BOOKMARK [2][-]{subsection.12.12.1}{\376\377\0001\0002}{section.12.12}% 295
\BOOKMARK [0][-]{chapter.13}{\376\377\000I\000n\000t\000e\000g\000r\000a\000t\000i\000o\000n}{}% 296
\BOOKMARK [1][-]{section.13.1}{\376\377\0002\0000\0002\0003}{chapter.13}% 297
\BOOKMARK [2][-]{subsection.13.1.1}{\376\377\0001\0002}{section.13.1}% 298
\BOOKMARK [1][-]{section.13.2}{\376\377\0002\0000\0002\0002}{chapter.13}% 299
\BOOKMARK [2][-]{subsection.13.2.1}{\376\377\0001\0002}{section.13.2}% 300
\BOOKMARK [1][-]{section.13.3}{\376\377\0002\0000\0002\0001}{chapter.13}% 301
\BOOKMARK [2][-]{subsection.13.3.1}{\376\377\0001\0002}{section.13.3}% 302
\BOOKMARK [1][-]{section.13.4}{\376\377\0002\0000\0002\0000}{chapter.13}% 303
\BOOKMARK [2][-]{subsection.13.4.1}{\376\377\0001\0002}{section.13.4}% 304
\BOOKMARK [1][-]{section.13.5}{\376\377\0002\0000\0001\0009}{chapter.13}% 305
\BOOKMARK [2][-]{subsection.13.5.1}{\376\377\0001\0002}{section.13.5}% 306
\BOOKMARK [1][-]{section.13.6}{\376\377\0002\0000\0001\0008}{chapter.13}% 307
\BOOKMARK [2][-]{subsection.13.6.1}{\376\377\0001\0002}{section.13.6}% 308
\BOOKMARK [1][-]{section.13.7}{\376\377\0002\0000\0001\0007}{chapter.13}% 309
\BOOKMARK [2][-]{subsection.13.7.1}{\376\377\0001\0000}{section.13.7}% 310
\BOOKMARK [2][-]{subsection.13.7.2}{\376\377\0001\0002}{section.13.7}% 311
\BOOKMARK [1][-]{section.13.8}{\376\377\0002\0000\0001\0006}{chapter.13}% 312
\BOOKMARK [2][-]{subsection.13.8.1}{\376\377\0001\0002}{section.13.8}% 313
\BOOKMARK [1][-]{section.13.9}{\376\377\0002\0000\0001\0005}{chapter.13}% 314
\BOOKMARK [2][-]{subsection.13.9.1}{\376\377\0001\0002}{section.13.9}% 315
\BOOKMARK [1][-]{section.13.10}{\376\377\0002\0000\0001\0000}{chapter.13}% 316
\BOOKMARK [2][-]{subsection.13.10.1}{\376\377\0001\0002}{section.13.10}% 317
\BOOKMARK [0][-]{chapter.14}{\376\377\000F\000u\000n\000c\000t\000i\000o\000n\000s}{}% 318
\BOOKMARK [1][-]{section.14.1}{\376\377\0002\0000\0002\0003}{chapter.14}% 319
\BOOKMARK [2][-]{subsection.14.1.1}{\376\377\0001\0002}{section.14.1}% 320
\BOOKMARK [1][-]{section.14.2}{\376\377\0002\0000\0002\0002}{chapter.14}% 321
\BOOKMARK [2][-]{subsection.14.2.1}{\376\377\0001\0002}{section.14.2}% 322
\BOOKMARK [1][-]{section.14.3}{\376\377\0002\0000\0002\0001}{chapter.14}% 323
\BOOKMARK [2][-]{subsection.14.3.1}{\376\377\0001\0000}{section.14.3}% 324
\BOOKMARK [2][-]{subsection.14.3.2}{\376\377\0001\0002}{section.14.3}% 325
\BOOKMARK [1][-]{section.14.4}{\376\377\0002\0000\0002\0000}{chapter.14}% 326
\BOOKMARK [2][-]{subsection.14.4.1}{\376\377\0001\0002}{section.14.4}% 327
\BOOKMARK [1][-]{section.14.5}{\376\377\0002\0000\0001\0009}{chapter.14}% 328
\BOOKMARK [2][-]{subsection.14.5.1}{\376\377\0001\0002}{section.14.5}% 329
\BOOKMARK [1][-]{section.14.6}{\376\377\0002\0000\0001\0008}{chapter.14}% 330
\BOOKMARK [2][-]{subsection.14.6.1}{\376\377\0001\0002}{section.14.6}% 331
\BOOKMARK [1][-]{section.14.7}{\376\377\0002\0000\0001\0007}{chapter.14}% 332
\BOOKMARK [2][-]{subsection.14.7.1}{\376\377\0001\0000}{section.14.7}% 333
\BOOKMARK [2][-]{subsection.14.7.2}{\376\377\0001\0002}{section.14.7}% 334
\BOOKMARK [1][-]{section.14.8}{\376\377\0002\0000\0001\0006}{chapter.14}% 335
\BOOKMARK [2][-]{subsection.14.8.1}{\376\377\0001\0002}{section.14.8}% 336
\BOOKMARK [1][-]{section.14.9}{\376\377\0002\0000\0001\0000}{chapter.14}% 337
\BOOKMARK [2][-]{subsection.14.9.1}{\376\377\0001\0002}{section.14.9}% 338
\BOOKMARK [0][-]{chapter.15}{\376\377\000M\000a\000t\000r\000i\000c\000e\000s}{}% 339
\BOOKMARK [1][-]{section.15.1}{\376\377\0002\0000\0002\0000}{chapter.15}% 340
\BOOKMARK [2][-]{subsection.15.1.1}{\376\377\0001\0000}{section.15.1}% 341
\BOOKMARK [1][-]{section.15.2}{\376\377\0002\0000\0002\0000}{chapter.15}% 342
\BOOKMARK [2][-]{subsection.15.2.1}{\376\377\0001\0002}{section.15.2}% 343
\BOOKMARK [1][-]{section.15.3}{\376\377\0002\0000\0002\0002}{chapter.15}% 344
\BOOKMARK [2][-]{subsection.15.3.1}{\376\377\0001\0000}{section.15.3}% 345
\BOOKMARK [2][-]{subsection.15.3.2}{\376\377\0001\0002}{section.15.3}% 346
\BOOKMARK [1][-]{section.15.4}{\376\377\0002\0000\0002\0003}{chapter.15}% 347
\BOOKMARK [2][-]{subsection.15.4.1}{\376\377\0001\0000}{section.15.4}% 348
\BOOKMARK [2][-]{subsection.15.4.2}{\376\377\0001\0002}{section.15.4}% 349
\BOOKMARK [1][-]{section.15.5}{\376\377\0002\0000\0002\0001}{chapter.15}% 350
\BOOKMARK [2][-]{subsection.15.5.1}{\376\377\0001\0002}{section.15.5}% 351
\BOOKMARK [1][-]{section.15.6}{\376\377\0002\0000\0002\0001}{chapter.15}% 352
\BOOKMARK [2][-]{subsection.15.6.1}{\376\377\0001\0002}{section.15.6}% 353
\BOOKMARK [2][-]{subsection.15.6.2}{\376\377\0001\0000}{section.15.6}% 354
\BOOKMARK [1][-]{section.15.7}{\376\377\0002\0000\0002\0001}{chapter.15}% 355
\BOOKMARK [2][-]{subsection.15.7.1}{\376\377\0001\0002}{section.15.7}% 356
\BOOKMARK [1][-]{section.15.8}{\376\377\0002\0000\0001\0009}{chapter.15}% 357
\BOOKMARK [2][-]{subsection.15.8.1}{\376\377\0001\0002}{section.15.8}% 358
\BOOKMARK [1][-]{section.15.9}{\376\377\0002\0000\0001\0009}{chapter.15}% 359
\BOOKMARK [2][-]{subsection.15.9.1}{\376\377\0001\0000}{section.15.9}% 360
\BOOKMARK [1][-]{section.15.10}{\376\377\0002\0000\0001\0008}{chapter.15}% 361
\BOOKMARK [2][-]{subsection.15.10.1}{\376\377\0001\0002}{section.15.10}% 362
\BOOKMARK [1][-]{section.15.11}{\376\377\0002\0000\0001\0007}{chapter.15}% 363
\BOOKMARK [2][-]{subsection.15.11.1}{\376\377\0001\0000}{section.15.11}% 364
\BOOKMARK [2][-]{subsection.15.11.2}{\376\377\0001\0002}{section.15.11}% 365
\BOOKMARK [1][-]{section.15.12}{\376\377\0002\0000\0001\0006}{chapter.15}% 366
\BOOKMARK [2][-]{subsection.15.12.1}{\376\377\0001\0002}{section.15.12}% 367
\BOOKMARK [1][-]{section.15.13}{\376\377\0002\0000\0001\0005}{chapter.15}% 368
\BOOKMARK [2][-]{subsection.15.13.1}{\376\377\0001\0002}{section.15.13}% 369
\BOOKMARK [1][-]{section.15.14}{\376\377\0002\0000\0001\0000}{chapter.15}% 370
\BOOKMARK [2][-]{subsection.15.14.1}{\376\377\0001\0002}{section.15.14}% 371
\BOOKMARK [0][-]{chapter.16}{\376\377\000T\000r\000i\000g\000n\000o\000m\000e\000t\000r\000y}{}% 372
\BOOKMARK [1][-]{section.16.1}{\376\377\0002\0000\0001\0009}{chapter.16}% 373
\BOOKMARK [2][-]{subsection.16.1.1}{\376\377\0001\0000}{section.16.1}% 374
\BOOKMARK [1][-]{section.16.2}{\376\377\0002\0000\0001\0008}{chapter.16}% 375
\BOOKMARK [2][-]{subsection.16.2.1}{\376\377\0001\0000}{section.16.2}% 376
\BOOKMARK [1][-]{section.16.3}{\376\377\0002\0000\0001\0007}{chapter.16}% 377
\BOOKMARK [2][-]{subsection.16.3.1}{\376\377\0001\0000}{section.16.3}% 378
\BOOKMARK [1][-]{section.16.4}{\376\377\0002\0000\0001\0006}{chapter.16}% 379
\BOOKMARK [2][-]{subsection.16.4.1}{\376\377\0001\0002}{section.16.4}% 380
\BOOKMARK [1][-]{section.16.5}{\376\377\0002\0000\0001\0005}{chapter.16}% 381
\BOOKMARK [2][-]{subsection.16.5.1}{\376\377\0001\0000}{section.16.5}% 382
\BOOKMARK [1][-]{section.16.6}{\376\377\0002\0000\0001\0002}{chapter.16}% 383
\BOOKMARK [2][-]{subsection.16.6.1}{\376\377\0001\0000}{section.16.6}% 384
\BOOKMARK [1][-]{section.16.7}{\376\377\0002\0000\0001\0001}{chapter.16}% 385
\BOOKMARK [2][-]{subsection.16.7.1}{\376\377\0001\0000}{section.16.7}% 386
\BOOKMARK [1][-]{section.16.8}{\376\377\0002\0000\0001\0000}{chapter.16}% 387
\BOOKMARK [2][-]{subsection.16.8.1}{\376\377\0001\0002}{section.16.8}% 388
